2018-10-29 10:25:19.920 [restartedMain] INFO  c.a.b.BpmsystemApplication -Starting BpmsystemApplication on MS-20171116OFAF with PID 3432 (E:\OASystem\Source\BPMSystem\target\classes started by Administrator in E:\OASystem\Source\BPMSystem)
2018-10-29 10:25:19.922 [restartedMain] INFO  c.a.b.BpmsystemApplication -No active profile set, falling back to default profiles: default
2018-10-29 10:25:25.042 [restartedMain] INFO  c.z.h.HikariDataSource -HikariPool-1 - Starting...
2018-10-29 10:25:25.356 [restartedMain] INFO  c.z.h.HikariDataSource -HikariPool-1 - Start completed.
2018-10-29 10:25:30.919 [restartedMain] INFO  c.a.b.BpmsystemApplication -Started BpmsystemApplication in 11.55 seconds (JVM running for 14.049)
2018-10-29 12:18:41.541 [HikariPool-1 housekeeper] WARN  c.z.h.pool.HikariPool -HikariPool-1 - Thread starvation or clock leap detected (housekeeper delta=2m45s801ms912µs579ns).
2018-10-29 12:30:58.566 [HikariPool-1 housekeeper] WARN  c.z.h.pool.HikariPool -HikariPool-1 - Thread starvation or clock leap detected (housekeeper delta=12m17s6ms478µs510ns).
2018-10-29 13:36:44.604 [HikariPool-1 housekeeper] WARN  c.z.h.pool.HikariPool -HikariPool-1 - Thread starvation or clock leap detected (housekeeper delta=1h3m45s932ms127µs469ns).
2018-10-29 14:01:02.163 [restartedMain] INFO  c.a.b.BpmsystemApplication -Starting BpmsystemApplication on MS-20171116OFAF with PID 3612 (E:\OASystem\Source\BPMSystem\target\classes started by Administrator in E:\OASystem\Source\BPMSystem)
2018-10-29 14:01:02.164 [restartedMain] INFO  c.a.b.BpmsystemApplication -No active profile set, falling back to default profiles: default
2018-10-29 14:01:05.548 [restartedMain] INFO  c.z.h.HikariDataSource -HikariPool-1 - Starting...
2018-10-29 14:01:05.870 [restartedMain] INFO  c.z.h.HikariDataSource -HikariPool-1 - Start completed.
2018-10-29 14:01:11.048 [restartedMain] INFO  c.a.b.BpmsystemApplication -Started BpmsystemApplication in 9.992 seconds (JVM running for 10.838)
2018-10-29 14:04:25.232 [restartedMain] INFO  c.a.b.BpmsystemApplication -Starting BpmsystemApplication on MS-20171116OFAF with PID 3772 (E:\OASystem\Source\BPMSystem\target\classes started by Administrator in E:\OASystem\Source\BPMSystem)
2018-10-29 14:04:25.233 [restartedMain] INFO  c.a.b.BpmsystemApplication -No active profile set, falling back to default profiles: default
2018-10-29 14:04:28.583 [restartedMain] INFO  c.z.h.HikariDataSource -HikariPool-1 - Starting...
2018-10-29 14:04:28.831 [restartedMain] INFO  c.z.h.HikariDataSource -HikariPool-1 - Start completed.
2018-10-29 14:04:33.101 [restartedMain] INFO  c.a.b.BpmsystemApplication -Started BpmsystemApplication in 8.89 seconds (JVM running for 9.655)
2018-10-29 14:05:21.856 [restartedMain] INFO  c.a.b.BpmsystemApplication -Starting BpmsystemApplication on MS-20171116OFAF with PID 12048 (E:\OASystem\Source\BPMSystem\target\classes started by Administrator in E:\OASystem\Source\BPMSystem)
2018-10-29 14:05:21.857 [restartedMain] INFO  c.a.b.BpmsystemApplication -No active profile set, falling back to default profiles: default
2018-10-29 14:05:24.933 [restartedMain] INFO  c.z.h.HikariDataSource -HikariPool-1 - Starting...
2018-10-29 14:05:25.158 [restartedMain] INFO  c.z.h.HikariDataSource -HikariPool-1 - Start completed.
2018-10-29 14:05:29.467 [restartedMain] INFO  c.a.b.BpmsystemApplication -Started BpmsystemApplication in 8.64 seconds (JVM running for 10.316)
2018-10-29 14:06:28.705 [restartedMain] INFO  c.a.b.BpmsystemApplication -Starting BpmsystemApplication on MS-20171116OFAF with PID 11856 (E:\OASystem\Source\BPMSystem\target\classes started by Administrator in E:\OASystem\Source\BPMSystem)
2018-10-29 14:06:28.707 [restartedMain] INFO  c.a.b.BpmsystemApplication -No active profile set, falling back to default profiles: default
2018-10-29 14:06:32.277 [restartedMain] INFO  c.z.h.HikariDataSource -HikariPool-1 - Starting...
2018-10-29 14:06:32.521 [restartedMain] INFO  c.z.h.HikariDataSource -HikariPool-1 - Start completed.
2018-10-29 14:06:36.790 [restartedMain] INFO  c.a.b.BpmsystemApplication -Started BpmsystemApplication in 9.165 seconds (JVM running for 10.119)
2018-10-29 14:10:13.285 [restartedMain] INFO  c.a.b.BpmsystemApplication -Starting BpmsystemApplication on MS-20171116OFAF with PID 9140 (E:\OASystem\Source\BPMSystem\target\classes started by Administrator in E:\OASystem\Source\BPMSystem)
2018-10-29 14:10:13.287 [restartedMain] INFO  c.a.b.BpmsystemApplication -No active profile set, falling back to default profiles: default
2018-10-29 14:10:16.553 [restartedMain] INFO  c.z.h.HikariDataSource -HikariPool-1 - Starting...
2018-10-29 14:10:16.790 [restartedMain] INFO  c.z.h.HikariDataSource -HikariPool-1 - Start completed.
2018-10-29 14:10:21.163 [restartedMain] INFO  c.a.b.BpmsystemApplication -Started BpmsystemApplication in 8.872 seconds (JVM running for 9.788)
2018-10-29 14:56:33.744 [restartedMain] INFO  c.a.b.BpmsystemApplication -Starting BpmsystemApplication on MS-20171116OFAF with PID 9832 (E:\OASystem\Source\BPMSystem\target\classes started by Administrator in E:\OASystem\Source\BPMSystem)
2018-10-29 14:56:33.745 [restartedMain] INFO  c.a.b.BpmsystemApplication -No active profile set, falling back to default profiles: default
2018-10-29 14:56:37.064 [restartedMain] INFO  c.z.h.HikariDataSource -HikariPool-1 - Starting...
2018-10-29 14:56:37.346 [restartedMain] INFO  c.z.h.HikariDataSource -HikariPool-1 - Start completed.
2018-10-29 14:56:41.688 [restartedMain] INFO  c.a.b.BpmsystemApplication -Started BpmsystemApplication in 8.996 seconds (JVM running for 9.784)
2018-10-29 15:01:22.224 [restartedMain] INFO  c.a.b.BpmsystemApplication -Starting BpmsystemApplication on MS-20171116OFAF with PID 10512 (E:\OASystem\Source\BPMSystem\target\classes started by Administrator in E:\OASystem\Source\BPMSystem)
2018-10-29 15:01:22.226 [restartedMain] INFO  c.a.b.BpmsystemApplication -No active profile set, falling back to default profiles: default
2018-10-29 15:01:25.792 [restartedMain] INFO  c.z.h.HikariDataSource -HikariPool-1 - Starting...
2018-10-29 15:01:26.081 [restartedMain] INFO  c.z.h.HikariDataSource -HikariPool-1 - Start completed.
2018-10-29 15:01:30.433 [restartedMain] INFO  c.a.b.BpmsystemApplication -Started BpmsystemApplication in 9.057 seconds (JVM running for 10.32)
2018-10-29 16:25:32.036 [restartedMain] INFO  c.a.b.BpmsystemApplication -Starting BpmsystemApplication on MS-20171116OFAF with PID 7128 (E:\OASystem\Source\BPMSystem\target\classes started by Administrator in E:\OASystem\Source\BPMSystem)
2018-10-29 16:25:32.037 [restartedMain] INFO  c.a.b.BpmsystemApplication -No active profile set, falling back to default profiles: default
2018-10-29 16:25:35.373 [restartedMain] INFO  c.z.h.HikariDataSource -HikariPool-1 - Starting...
2018-10-29 16:25:35.628 [restartedMain] INFO  c.z.h.HikariDataSource -HikariPool-1 - Start completed.
2018-10-29 16:25:39.788 [restartedMain] INFO  c.a.b.BpmsystemApplication -Started BpmsystemApplication in 8.733 seconds (JVM running for 9.535)
2018-10-29 16:45:48.035 [restartedMain] INFO  c.a.b.BpmsystemApplication -Starting BpmsystemApplication on MS-20171116OFAF with PID 11116 (E:\OASystem\Source\BPMSystem\target\classes started by Administrator in E:\OASystem\Source\BPMSystem)
2018-10-29 16:45:48.036 [restartedMain] INFO  c.a.b.BpmsystemApplication -No active profile set, falling back to default profiles: default
2018-10-29 16:45:51.361 [restartedMain] INFO  c.z.h.HikariDataSource -HikariPool-1 - Starting...
2018-10-29 16:45:51.607 [restartedMain] INFO  c.z.h.HikariDataSource -HikariPool-1 - Start completed.
2018-10-29 16:45:55.877 [restartedMain] INFO  c.a.b.BpmsystemApplication -Started BpmsystemApplication in 8.826 seconds (JVM running for 9.654)
