2018-10-19 09:33:35.270 [restartedMain] INFO  c.a.b.BpmsystemApplication -Starting BpmsystemApplication on MS-20171116OFAF with PID 3544 (E:\OASystem\Source\BPMSystem\target\classes started by Administrator in E:\OASystem\Source\BPMSystem)
2018-10-19 09:33:35.271 [restartedMain] INFO  c.a.b.BpmsystemApplication -No active profile set, falling back to default profiles: default
2018-10-19 09:33:38.454 [restartedMain] INFO  c.z.h.HikariDataSource -HikariPool-1 - Starting...
2018-10-19 09:33:38.703 [restartedMain] INFO  c.z.h.HikariDataSource -HikariPool-1 - Start completed.
2018-10-19 09:33:42.864 [restartedMain] INFO  c.a.b.BpmsystemApplication -Started BpmsystemApplication in 8.009 seconds (JVM running for 9.803)
2018-10-19 09:47:25.183 [restartedMain] INFO  c.a.b.BpmsystemApplication -Starting BpmsystemApplication on MS-20171116OFAF with PID 2092 (E:\OASystem\Source\BPMSystem\target\classes started by Administrator in E:\OASystem\Source\BPMSystem)
2018-10-19 09:47:25.186 [restartedMain] INFO  c.a.b.BpmsystemApplication -No active profile set, falling back to default profiles: default
2018-10-19 09:47:28.302 [restartedMain] INFO  c.z.h.HikariDataSource -HikariPool-1 - Starting...
2018-10-19 09:47:28.526 [restartedMain] INFO  c.z.h.HikariDataSource -HikariPool-1 - Start completed.
2018-10-19 09:47:32.219 [restartedMain] INFO  c.a.b.BpmsystemApplication -Started BpmsystemApplication in 7.518 seconds (JVM running for 8.216)
2018-10-19 09:48:54.646 [restartedMain] INFO  c.a.b.BpmsystemApplication -Starting BpmsystemApplication on MS-20171116OFAF with PID 3380 (E:\OASystem\Source\BPMSystem\target\classes started by Administrator in E:\OASystem\Source\BPMSystem)
2018-10-19 09:48:54.648 [restartedMain] INFO  c.a.b.BpmsystemApplication -No active profile set, falling back to default profiles: default
2018-10-19 09:48:58.037 [restartedMain] INFO  c.z.h.HikariDataSource -HikariPool-1 - Starting...
2018-10-19 09:48:58.273 [restartedMain] INFO  c.z.h.HikariDataSource -HikariPool-1 - Start completed.
2018-10-19 09:49:02.690 [restartedMain] INFO  c.a.b.BpmsystemApplication -Started BpmsystemApplication in 8.898 seconds (JVM running for 12.261)
2018-10-19 09:52:13.938 [restartedMain] INFO  c.a.b.BpmsystemApplication -Starting BpmsystemApplication on MS-20171116OFAF with PID 8468 (E:\OASystem\Source\BPMSystem\target\classes started by Administrator in E:\OASystem\Source\BPMSystem)
2018-10-19 09:52:13.959 [restartedMain] INFO  c.a.b.BpmsystemApplication -No active profile set, falling back to default profiles: default
2018-10-19 09:52:17.359 [restartedMain] INFO  c.z.h.HikariDataSource -HikariPool-1 - Starting...
2018-10-19 09:52:17.603 [restartedMain] INFO  c.z.h.HikariDataSource -HikariPool-1 - Start completed.
2018-10-19 09:52:22.198 [restartedMain] INFO  c.a.b.BpmsystemApplication -Started BpmsystemApplication in 9.119 seconds (JVM running for 9.961)
2018-10-19 09:55:42.829 [restartedMain] INFO  c.a.b.BpmsystemApplication -Starting BpmsystemApplication on MS-20171116OFAF with PID 1140 (E:\OASystem\Source\BPMSystem\target\classes started by Administrator in E:\OASystem\Source\BPMSystem)
2018-10-19 09:55:42.834 [restartedMain] INFO  c.a.b.BpmsystemApplication -No active profile set, falling back to default profiles: default
2018-10-19 09:55:46.146 [restartedMain] INFO  c.z.h.HikariDataSource -HikariPool-1 - Starting...
2018-10-19 09:55:46.390 [restartedMain] INFO  c.z.h.HikariDataSource -HikariPool-1 - Start completed.
2018-10-19 09:55:50.973 [restartedMain] INFO  c.a.b.BpmsystemApplication -Started BpmsystemApplication in 9.104 seconds (JVM running for 9.867)
2018-10-19 09:59:08.044 [restartedMain] INFO  c.a.b.BpmsystemApplication -Starting BpmsystemApplication on MS-20171116OFAF with PID 8496 (E:\OASystem\Source\BPMSystem\target\classes started by Administrator in E:\OASystem\Source\BPMSystem)
2018-10-19 09:59:08.046 [restartedMain] INFO  c.a.b.BpmsystemApplication -No active profile set, falling back to default profiles: default
2018-10-19 09:59:11.524 [restartedMain] INFO  c.z.h.HikariDataSource -HikariPool-1 - Starting...
2018-10-19 09:59:11.764 [restartedMain] INFO  c.z.h.HikariDataSource -HikariPool-1 - Start completed.
2018-10-19 09:59:16.137 [restartedMain] INFO  c.a.b.BpmsystemApplication -Started BpmsystemApplication in 8.699 seconds (JVM running for 10.137)
2018-10-19 10:17:14.125 [restartedMain] INFO  c.a.b.BpmsystemApplication -Starting BpmsystemApplication on MS-20171116OFAF with PID 2552 (E:\OASystem\Source\BPMSystem\target\classes started by Administrator in E:\OASystem\Source\BPMSystem)
2018-10-19 10:17:14.127 [restartedMain] INFO  c.a.b.BpmsystemApplication -No active profile set, falling back to default profiles: default
2018-10-19 10:17:17.780 [restartedMain] INFO  c.z.h.HikariDataSource -HikariPool-1 - Starting...
2018-10-19 10:17:18.025 [restartedMain] INFO  c.z.h.HikariDataSource -HikariPool-1 - Start completed.
2018-10-19 10:17:22.633 [restartedMain] INFO  c.a.b.BpmsystemApplication -Started BpmsystemApplication in 9.256 seconds (JVM running for 10.1)
2018-10-19 10:18:28.774 [restartedMain] INFO  c.a.b.BpmsystemApplication -Starting BpmsystemApplication on MS-20171116OFAF with PID 5260 (E:\OASystem\Source\BPMSystem\target\classes started by Administrator in E:\OASystem\Source\BPMSystem)
2018-10-19 10:18:28.775 [restartedMain] INFO  c.a.b.BpmsystemApplication -No active profile set, falling back to default profiles: default
2018-10-19 10:18:32.191 [restartedMain] INFO  c.z.h.HikariDataSource -HikariPool-1 - Starting...
2018-10-19 10:18:32.439 [restartedMain] INFO  c.z.h.HikariDataSource -HikariPool-1 - Start completed.
2018-10-19 10:18:36.925 [restartedMain] INFO  c.a.b.BpmsystemApplication -Started BpmsystemApplication in 8.63 seconds (JVM running for 10.675)
2018-10-19 10:25:55.355 [HikariPool-1 housekeeper] WARN  c.z.h.pool.HikariPool -HikariPool-1 - Thread starvation or clock leap detected (housekeeper delta=2m51s445ms837µs189ns).
2018-10-19 10:58:47.269 [restartedMain] INFO  c.a.b.BpmsystemApplication -Starting BpmsystemApplication on MS-20171116OFAF with PID 9804 (E:\OASystem\Source\BPMSystem\target\classes started by Administrator in E:\OASystem\Source\BPMSystem)
2018-10-19 10:58:47.272 [restartedMain] INFO  c.a.b.BpmsystemApplication -No active profile set, falling back to default profiles: default
2018-10-19 10:58:50.948 [restartedMain] INFO  c.z.h.HikariDataSource -HikariPool-1 - Starting...
2018-10-19 10:58:51.208 [restartedMain] INFO  c.z.h.HikariDataSource -HikariPool-1 - Start completed.
2018-10-19 10:59:01.465 [restartedMain] INFO  c.a.b.BpmsystemApplication -Starting BpmsystemApplication on MS-20171116OFAF with PID 4188 (E:\OASystem\Source\BPMSystem\target\classes started by Administrator in E:\OASystem\Source\BPMSystem)
2018-10-19 10:59:01.469 [restartedMain] INFO  c.a.b.BpmsystemApplication -No active profile set, falling back to default profiles: default
2018-10-19 10:59:04.919 [restartedMain] INFO  c.z.h.HikariDataSource -HikariPool-1 - Starting...
2018-10-19 10:59:05.163 [restartedMain] INFO  c.z.h.HikariDataSource -HikariPool-1 - Start completed.
2018-10-19 10:59:09.656 [restartedMain] INFO  c.a.b.BpmsystemApplication -Started BpmsystemApplication in 9.2 seconds (JVM running for 10.084)
2018-10-19 11:00:23.942 [restartedMain] INFO  c.a.b.BpmsystemApplication -Starting BpmsystemApplication on MS-20171116OFAF with PID 7220 (E:\OASystem\Source\BPMSystem\target\classes started by Administrator in E:\OASystem\Source\BPMSystem)
2018-10-19 11:00:23.942 [restartedMain] INFO  c.a.b.BpmsystemApplication -No active profile set, falling back to default profiles: default
2018-10-19 11:00:27.849 [restartedMain] INFO  c.z.h.HikariDataSource -HikariPool-1 - Starting...
2018-10-19 11:00:28.099 [restartedMain] INFO  c.z.h.HikariDataSource -HikariPool-1 - Start completed.
2018-10-19 11:00:32.343 [restartedMain] INFO  c.a.b.BpmsystemApplication -Started BpmsystemApplication in 9.221 seconds (JVM running for 10.825)
2018-10-19 11:02:25.742 [restartedMain] INFO  c.a.b.BpmsystemApplication -Starting BpmsystemApplication on MS-20171116OFAF with PID 9300 (E:\OASystem\Source\BPMSystem\target\classes started by Administrator in E:\OASystem\Source\BPMSystem)
2018-10-19 11:02:25.742 [restartedMain] INFO  c.a.b.BpmsystemApplication -No active profile set, falling back to default profiles: default
2018-10-19 11:02:29.525 [restartedMain] INFO  c.z.h.HikariDataSource -HikariPool-1 - Starting...
2018-10-19 11:02:29.767 [restartedMain] INFO  c.z.h.HikariDataSource -HikariPool-1 - Start completed.
2018-10-19 11:02:34.666 [restartedMain] INFO  c.a.b.BpmsystemApplication -Started BpmsystemApplication in 9.854 seconds (JVM running for 11.214)
2018-10-19 11:35:53.743 [restartedMain] INFO  c.a.b.BpmsystemApplication -Starting BpmsystemApplication on MS-20171116OFAF with PID 4400 (E:\OASystem\Source\BPMSystem\target\classes started by Administrator in E:\OASystem\Source\BPMSystem)
2018-10-19 11:35:53.745 [restartedMain] INFO  c.a.b.BpmsystemApplication -No active profile set, falling back to default profiles: default
2018-10-19 11:35:57.372 [restartedMain] INFO  c.z.h.HikariDataSource -HikariPool-1 - Starting...
2018-10-19 11:35:57.611 [restartedMain] INFO  c.z.h.HikariDataSource -HikariPool-1 - Start completed.
2018-10-19 11:36:02.208 [restartedMain] INFO  c.a.b.BpmsystemApplication -Started BpmsystemApplication in 9.518 seconds (JVM running for 11.19)
2018-10-19 11:40:24.488 [HikariPool-1 housekeeper] WARN  c.z.h.pool.HikariPool -HikariPool-1 - Thread starvation or clock leap detected (housekeeper delta=49s441ms13µs913ns).
2018-10-19 11:41:48.908 [HikariPool-1 housekeeper] WARN  c.z.h.pool.HikariPool -HikariPool-1 - Thread starvation or clock leap detected (housekeeper delta=1m24s415ms589µs626ns).
2018-10-19 11:42:10.635 [restartedMain] INFO  c.a.b.BpmsystemApplication -Starting BpmsystemApplication on MS-20171116OFAF with PID 8040 (E:\OASystem\Source\BPMSystem\target\classes started by Administrator in E:\OASystem\Source\BPMSystem)
2018-10-19 11:42:10.640 [restartedMain] INFO  c.a.b.BpmsystemApplication -No active profile set, falling back to default profiles: default
2018-10-19 11:42:14.158 [restartedMain] INFO  c.z.h.HikariDataSource -HikariPool-1 - Starting...
2018-10-19 11:42:14.443 [restartedMain] INFO  c.z.h.HikariDataSource -HikariPool-1 - Start completed.
2018-10-19 11:42:18.750 [restartedMain] INFO  c.a.b.BpmsystemApplication -Started BpmsystemApplication in 8.977 seconds (JVM running for 9.82)
2018-10-19 11:49:18.267 [restartedMain] INFO  c.a.b.BpmsystemApplication -Starting BpmsystemApplication on MS-20171116OFAF with PID 8348 (E:\OASystem\Source\BPMSystem\target\classes started by Administrator in E:\OASystem\Source\BPMSystem)
2018-10-19 11:49:18.269 [restartedMain] INFO  c.a.b.BpmsystemApplication -No active profile set, falling back to default profiles: default
2018-10-19 11:49:21.686 [restartedMain] INFO  c.z.h.HikariDataSource -HikariPool-1 - Starting...
2018-10-19 11:49:21.965 [restartedMain] INFO  c.z.h.HikariDataSource -HikariPool-1 - Start completed.
2018-10-19 11:49:26.457 [restartedMain] INFO  c.a.b.BpmsystemApplication -Started BpmsystemApplication in 9.38 seconds (JVM running for 10.203)
2018-10-19 11:51:24.496 [HikariPool-1 housekeeper] WARN  c.z.h.pool.HikariPool -HikariPool-1 - Thread starvation or clock leap detected (housekeeper delta=1m2s421ms308µs573ns).
2018-10-19 11:52:13.214 [HikariPool-1 housekeeper] WARN  c.z.h.pool.HikariPool -HikariPool-1 - Thread starvation or clock leap detected (housekeeper delta=48s715ms287µs374ns).
2018-10-19 13:42:08.317 [HikariPool-1 housekeeper] WARN  c.z.h.pool.HikariPool -HikariPool-1 - Thread starvation or clock leap detected (housekeeper delta=1h48m16s457ms525µs529ns).
2018-10-19 13:42:15.098 [restartedMain] INFO  c.a.b.BpmsystemApplication -Starting BpmsystemApplication on MS-20171116OFAF with PID 10212 (E:\OASystem\Source\BPMSystem\target\classes started by Administrator in E:\OASystem\Source\BPMSystem)
2018-10-19 13:42:15.099 [restartedMain] INFO  c.a.b.BpmsystemApplication -No active profile set, falling back to default profiles: default
2018-10-19 13:42:18.398 [restartedMain] INFO  c.z.h.HikariDataSource -HikariPool-1 - Starting...
2018-10-19 13:42:18.651 [restartedMain] INFO  c.z.h.HikariDataSource -HikariPool-1 - Start completed.
2018-10-19 13:42:23.918 [restartedMain] INFO  c.a.b.BpmsystemApplication -Started BpmsystemApplication in 9.982 seconds (JVM running for 10.776)
2018-10-19 13:47:51.619 [HikariPool-1 housekeeper] WARN  c.z.h.pool.HikariPool -HikariPool-1 - Thread starvation or clock leap detected (housekeeper delta=1m28s790ms158µs965ns).
2018-10-19 13:49:33.372 [restartedMain] INFO  c.a.b.BpmsystemApplication -Starting BpmsystemApplication on MS-20171116OFAF with PID 8616 (E:\OASystem\Source\BPMSystem\target\classes started by Administrator in E:\OASystem\Source\BPMSystem)
2018-10-19 13:49:33.373 [restartedMain] INFO  c.a.b.BpmsystemApplication -No active profile set, falling back to default profiles: default
2018-10-19 13:49:37.014 [restartedMain] INFO  c.z.h.HikariDataSource -HikariPool-1 - Starting...
2018-10-19 13:49:37.286 [restartedMain] INFO  c.z.h.HikariDataSource -HikariPool-1 - Start completed.
2018-10-19 13:49:41.487 [restartedMain] INFO  c.a.b.BpmsystemApplication -Started BpmsystemApplication in 8.859 seconds (JVM running for 11.027)
2018-10-19 13:55:04.898 [HikariPool-1 housekeeper] WARN  c.z.h.pool.HikariPool -HikariPool-1 - Thread starvation or clock leap detected (housekeeper delta=4m56s656ms27µs294ns).
2018-10-19 14:12:10.122 [restartedMain] INFO  c.a.b.BpmsystemApplication -Starting BpmsystemApplication on MS-20171116OFAF with PID 8236 (E:\OASystem\Source\BPMSystem\target\classes started by Administrator in E:\OASystem\Source\BPMSystem)
2018-10-19 14:12:10.123 [restartedMain] INFO  c.a.b.BpmsystemApplication -No active profile set, falling back to default profiles: default
2018-10-19 14:12:13.434 [restartedMain] INFO  c.z.h.HikariDataSource -HikariPool-1 - Starting...
2018-10-19 14:12:13.680 [restartedMain] INFO  c.z.h.HikariDataSource -HikariPool-1 - Start completed.
2018-10-19 14:12:18.134 [restartedMain] INFO  c.a.b.BpmsystemApplication -Started BpmsystemApplication in 9.022 seconds (JVM running for 9.826)
2018-10-19 16:04:29.433 [restartedMain] INFO  c.a.b.BpmsystemApplication -Starting BpmsystemApplication on MS-20171116OFAF with PID 10124 (E:\OASystem\Source\BPMSystem\target\classes started by Administrator in E:\OASystem\Source\BPMSystem)
2018-10-19 16:04:29.434 [restartedMain] INFO  c.a.b.BpmsystemApplication -No active profile set, falling back to default profiles: default
2018-10-19 16:04:33.932 [restartedMain] INFO  c.z.h.HikariDataSource -HikariPool-1 - Starting...
2018-10-19 16:04:34.176 [restartedMain] INFO  c.z.h.HikariDataSource -HikariPool-1 - Start completed.
2018-10-19 16:04:38.456 [restartedMain] INFO  c.a.b.BpmsystemApplication -Started BpmsystemApplication in 10.518 seconds (JVM running for 12.001)
2018-10-19 16:32:39.381 [HikariPool-1 housekeeper] WARN  c.z.h.pool.HikariPool -HikariPool-1 - Thread starvation or clock leap detected (housekeeper delta=26m52s493ms165µs410ns).
2018-10-19 16:32:47.288 [restartedMain] INFO  c.a.b.BpmsystemApplication -Starting BpmsystemApplication on MS-20171116OFAF with PID 5036 (E:\OASystem\Source\BPMSystem\target\classes started by Administrator in E:\OASystem\Source\BPMSystem)
2018-10-19 16:32:47.289 [restartedMain] INFO  c.a.b.BpmsystemApplication -No active profile set, falling back to default profiles: default
2018-10-19 16:32:50.779 [restartedMain] INFO  c.z.h.HikariDataSource -HikariPool-1 - Starting...
2018-10-19 16:32:51.029 [restartedMain] INFO  c.z.h.HikariDataSource -HikariPool-1 - Start completed.
2018-10-19 16:32:57.182 [restartedMain] INFO  c.a.b.BpmsystemApplication -Started BpmsystemApplication in 10.939 seconds (JVM running for 11.776)
2018-10-19 16:33:05.075 [restartedMain] INFO  c.a.b.BpmsystemApplication -Starting BpmsystemApplication on MS-20171116OFAF with PID 11152 (E:\OASystem\Source\BPMSystem\target\classes started by Administrator in E:\OASystem\Source\BPMSystem)
2018-10-19 16:33:05.088 [restartedMain] INFO  c.a.b.BpmsystemApplication -No active profile set, falling back to default profiles: default
2018-10-19 16:33:08.721 [restartedMain] INFO  c.z.h.HikariDataSource -HikariPool-1 - Starting...
2018-10-19 16:33:08.981 [restartedMain] INFO  c.z.h.HikariDataSource -HikariPool-1 - Start completed.
2018-10-19 16:33:13.331 [restartedMain] INFO  c.a.b.BpmsystemApplication -Started BpmsystemApplication in 9.124 seconds (JVM running for 10.722)
2018-10-19 16:38:47.448 [HikariPool-1 housekeeper] WARN  c.z.h.pool.HikariPool -HikariPool-1 - Thread starvation or clock leap detected (housekeeper delta=1m52s52ms319µs384ns).
2018-10-19 16:42:39.210 [restartedMain] INFO  c.a.b.BpmsystemApplication -Starting BpmsystemApplication on MS-20171116OFAF with PID 8672 (E:\OASystem\Source\BPMSystem\target\classes started by Administrator in E:\OASystem\Source\BPMSystem)
2018-10-19 16:42:39.211 [restartedMain] INFO  c.a.b.BpmsystemApplication -No active profile set, falling back to default profiles: default
2018-10-19 16:42:42.721 [restartedMain] INFO  c.z.h.HikariDataSource -HikariPool-1 - Starting...
2018-10-19 16:42:42.973 [restartedMain] INFO  c.z.h.HikariDataSource -HikariPool-1 - Start completed.
2018-10-19 16:42:47.331 [restartedMain] INFO  c.a.b.BpmsystemApplication -Started BpmsystemApplication in 9.185 seconds (JVM running for 9.967)
2018-10-19 16:49:37.505 [restartedMain] INFO  c.a.b.BpmsystemApplication -Starting BpmsystemApplication on MS-20171116OFAF with PID 6088 (E:\OASystem\Source\BPMSystem\target\classes started by Administrator in E:\OASystem\Source\BPMSystem)
2018-10-19 16:49:37.509 [restartedMain] INFO  c.a.b.BpmsystemApplication -No active profile set, falling back to default profiles: default
2018-10-19 16:49:41.268 [restartedMain] INFO  c.z.h.HikariDataSource -HikariPool-1 - Starting...
2018-10-19 16:49:41.509 [restartedMain] INFO  c.z.h.HikariDataSource -HikariPool-1 - Start completed.
2018-10-19 16:49:45.817 [restartedMain] INFO  c.a.b.BpmsystemApplication -Started BpmsystemApplication in 9.064 seconds (JVM running for 9.873)
2018-10-19 16:56:24.301 [restartedMain] INFO  c.a.b.BpmsystemApplication -Starting BpmsystemApplication on MS-20171116OFAF with PID 3360 (E:\OASystem\Source\BPMSystem\target\classes started by Administrator in E:\OASystem\Source\BPMSystem)
2018-10-19 16:56:24.303 [restartedMain] INFO  c.a.b.BpmsystemApplication -No active profile set, falling back to default profiles: default
2018-10-19 16:56:27.839 [restartedMain] INFO  c.z.h.HikariDataSource -HikariPool-1 - Starting...
2018-10-19 16:56:28.100 [restartedMain] INFO  c.z.h.HikariDataSource -HikariPool-1 - Start completed.
2018-10-19 16:56:32.236 [restartedMain] INFO  c.a.b.BpmsystemApplication -Started BpmsystemApplication in 9.097 seconds (JVM running for 9.962)
2018-10-19 17:02:30.896 [restartedMain] INFO  c.a.b.BpmsystemApplication -Starting BpmsystemApplication on MS-20171116OFAF with PID 11000 (E:\OASystem\Source\BPMSystem\target\classes started by Administrator in E:\OASystem\Source\BPMSystem)
2018-10-19 17:02:30.899 [restartedMain] INFO  c.a.b.BpmsystemApplication -No active profile set, falling back to default profiles: default
2018-10-19 17:02:34.260 [restartedMain] INFO  c.z.h.HikariDataSource -HikariPool-1 - Starting...
2018-10-19 17:02:34.504 [restartedMain] INFO  c.z.h.HikariDataSource -HikariPool-1 - Start completed.
2018-10-19 17:02:38.954 [restartedMain] INFO  c.a.b.BpmsystemApplication -Started BpmsystemApplication in 9.076 seconds (JVM running for 9.87)
2018-10-19 17:06:38.216 [restartedMain] INFO  c.a.b.BpmsystemApplication -Starting BpmsystemApplication on MS-20171116OFAF with PID 8580 (E:\OASystem\Source\BPMSystem\target\classes started by Administrator in E:\OASystem\Source\BPMSystem)
2018-10-19 17:06:38.217 [restartedMain] INFO  c.a.b.BpmsystemApplication -No active profile set, falling back to default profiles: default
2018-10-19 17:06:41.503 [restartedMain] INFO  c.z.h.HikariDataSource -HikariPool-1 - Starting...
2018-10-19 17:06:41.751 [restartedMain] INFO  c.z.h.HikariDataSource -HikariPool-1 - Start completed.
2018-10-19 17:06:45.777 [restartedMain] INFO  c.a.b.BpmsystemApplication -Started BpmsystemApplication in 8.616 seconds (JVM running for 9.398)
2018-10-19 17:09:37.891 [restartedMain] INFO  c.a.b.BpmsystemApplication -Starting BpmsystemApplication on MS-20171116OFAF with PID 10468 (E:\OASystem\Source\BPMSystem\target\classes started by Administrator in E:\OASystem\Source\BPMSystem)
2018-10-19 17:09:37.893 [restartedMain] INFO  c.a.b.BpmsystemApplication -No active profile set, falling back to default profiles: default
2018-10-19 17:09:41.332 [restartedMain] INFO  c.z.h.HikariDataSource -HikariPool-1 - Starting...
2018-10-19 17:09:41.585 [restartedMain] INFO  c.z.h.HikariDataSource -HikariPool-1 - Start completed.
2018-10-19 17:09:45.882 [restartedMain] INFO  c.a.b.BpmsystemApplication -Started BpmsystemApplication in 8.883 seconds (JVM running for 9.691)
2018-10-19 17:12:17.721 [HikariPool-1 housekeeper] WARN  c.z.h.pool.HikariPool -HikariPool-1 - Thread starvation or clock leap detected (housekeeper delta=1m2s136ms807µs52ns).
2018-10-19 17:31:32.025 [http-nio-8088-exec-9] INFO  c.a.b.C.PurchaseController -进入采购条件查询接口
