2018-10-24 09:19:45.628 [restartedMain] INFO  c.a.b.BpmsystemApplication -Starting BpmsystemApplication on MS-20171116OFAF with PID 2448 (E:\OASystem\Source\BPMSystem\target\classes started by Administrator in E:\OASystem\Source\BPMSystem)
2018-10-24 09:19:45.628 [restartedMain] INFO  c.a.b.BpmsystemApplication -No active profile set, falling back to default profiles: default
2018-10-24 09:19:48.868 [restartedMain] INFO  c.z.h.HikariDataSource -HikariPool-1 - Starting...
2018-10-24 09:19:49.088 [restartedMain] INFO  c.z.h.HikariDataSource -HikariPool-1 - Start completed.
2018-10-24 09:19:53.368 [restartedMain] INFO  c.a.b.BpmsystemApplication -Started BpmsystemApplication in 8.15 seconds (JVM running for 9.955)
2018-10-24 09:29:07.798 [restartedMain] INFO  c.a.b.BpmsystemApplication -Starting BpmsystemApplication on MS-20171116OFAF with PID 3852 (E:\OASystem\Source\BPMSystem\target\classes started by Administrator in E:\OASystem\Source\BPMSystem)
2018-10-24 09:29:07.798 [restartedMain] INFO  c.a.b.BpmsystemApplication -No active profile set, falling back to default profiles: default
2018-10-24 09:29:11.280 [restartedMain] INFO  c.z.h.HikariDataSource -HikariPool-1 - Starting...
2018-10-24 09:29:11.630 [restartedMain] INFO  c.z.h.HikariDataSource -HikariPool-1 - Start completed.
2018-10-24 09:29:15.876 [restartedMain] INFO  c.a.b.BpmsystemApplication -Started BpmsystemApplication in 8.778 seconds (JVM running for 9.503)
2018-10-24 09:30:29.780 [restartedMain] INFO  c.a.b.BpmsystemApplication -Starting BpmsystemApplication on MS-20171116OFAF with PID 5196 (E:\OASystem\Source\BPMSystem\target\classes started by Administrator in E:\OASystem\Source\BPMSystem)
2018-10-24 09:30:29.782 [restartedMain] INFO  c.a.b.BpmsystemApplication -No active profile set, falling back to default profiles: default
2018-10-24 09:30:34.430 [restartedMain] INFO  c.z.h.HikariDataSource -HikariPool-1 - Starting...
2018-10-24 09:30:34.680 [restartedMain] INFO  c.z.h.HikariDataSource -HikariPool-1 - Start completed.
2018-10-24 09:30:38.965 [restartedMain] INFO  c.a.b.BpmsystemApplication -Started BpmsystemApplication in 9.956 seconds (JVM running for 11.305)
2018-10-24 13:41:56.623 [HikariPool-1 housekeeper] WARN  c.z.h.pool.HikariPool -HikariPool-1 - Thread starvation or clock leap detected (housekeeper delta=1h28m51s131ms408µs52ns).
2018-10-24 16:07:17.785 [restartedMain] INFO  c.a.b.BpmsystemApplication -Starting BpmsystemApplication on MS-20171116OFAF with PID 9916 (E:\OASystem\Source\BPMSystem\target\classes started by Administrator in E:\OASystem\Source\BPMSystem)
2018-10-24 16:07:17.787 [restartedMain] INFO  c.a.b.BpmsystemApplication -No active profile set, falling back to default profiles: default
2018-10-24 16:07:22.553 [restartedMain] INFO  c.z.h.HikariDataSource -HikariPool-1 - Starting...
2018-10-24 16:07:22.797 [restartedMain] INFO  c.z.h.HikariDataSource -HikariPool-1 - Start completed.
2018-10-24 16:07:27.747 [restartedMain] INFO  c.a.b.BpmsystemApplication -Started BpmsystemApplication in 10.955 seconds (JVM running for 12.85)
2018-10-24 16:51:16.020 [restartedMain] INFO  c.a.b.BpmsystemApplication -Starting BpmsystemApplication on MS-20171116OFAF with PID 9972 (E:\OASystem\Source\BPMSystem\target\classes started by Administrator in E:\OASystem\Source\BPMSystem)
2018-10-24 16:51:16.022 [restartedMain] INFO  c.a.b.BpmsystemApplication -No active profile set, falling back to default profiles: default
2018-10-24 16:51:19.021 [restartedMain] INFO  c.z.h.HikariDataSource -HikariPool-1 - Starting...
2018-10-24 16:51:19.252 [restartedMain] INFO  c.z.h.HikariDataSource -HikariPool-1 - Start completed.
2018-10-24 16:51:23.089 [restartedMain] INFO  c.a.b.BpmsystemApplication -Started BpmsystemApplication in 7.85 seconds (JVM running for 8.586)
2018-10-24 17:10:22.219 [restartedMain] INFO  c.a.b.BpmsystemApplication -Starting BpmsystemApplication on MS-20171116OFAF with PID 7640 (E:\OASystem\Source\BPMSystem\target\classes started by Administrator in E:\OASystem\Source\BPMSystem)
2018-10-24 17:10:22.220 [restartedMain] INFO  c.a.b.BpmsystemApplication -No active profile set, falling back to default profiles: default
2018-10-24 17:10:25.322 [restartedMain] INFO  c.z.h.HikariDataSource -HikariPool-1 - Starting...
2018-10-24 17:10:25.540 [restartedMain] INFO  c.z.h.HikariDataSource -HikariPool-1 - Start completed.
2018-10-24 17:10:29.277 [restartedMain] INFO  c.a.b.BpmsystemApplication -Started BpmsystemApplication in 7.601 seconds (JVM running for 8.295)
