2018-11-14 15:25:22.918 [restartedMain] INFO  c.a.b.BpmsystemApplication -Starting BpmsystemApplication on MS-20171116OFAF with PID 5904 (E:\OASystem\Source\BPMSystem\target\classes started by Administrator in E:\OASystem\Source\BPMSystem)
2018-11-14 15:25:22.921 [restartedMain] INFO  c.a.b.BpmsystemApplication -No active profile set, falling back to default profiles: default
2018-11-14 15:25:28.319 [restartedMain] INFO  c.z.h.HikariDataSource -HikariPool-1 - Starting...
2018-11-14 15:25:28.848 [restartedMain] INFO  c.z.h.HikariDataSource -HikariPool-1 - Start completed.
2018-11-14 15:25:35.143 [restartedMain] INFO  c.a.b.BpmsystemApplication -Started BpmsystemApplication in 12.947 seconds (JVM running for 16.95)
2018-11-14 16:05:13.096 [main] INFO  c.a.b.BpmsystemApplication -Starting BpmsystemApplication v0.0.1-SNAPSHOT on MS-20171116OFAF with PID 3448 (E:\BPMSystem\target\bpmsystem-0.0.1-SNAPSHOT.jar started by Administrator in E:\BPMSystem\target)
2018-11-14 16:05:13.124 [main] INFO  c.a.b.BpmsystemApplication -No active profile set, falling back to default profiles: default
2018-11-14 16:05:17.788 [main] INFO  c.z.h.HikariDataSource -HikariPool-1 - Starting...
2018-11-14 16:05:17.988 [main] INFO  c.z.h.HikariDataSource -HikariPool-1 - Start completed.
2018-11-14 16:05:24.177 [main] INFO  c.z.h.HikariDataSource -HikariPool-1 - Shutdown initiated...
2018-11-14 16:05:24.185 [main] INFO  c.z.h.HikariDataSource -HikariPool-1 - Shutdown completed.
2018-11-14 16:05:53.454 [main] INFO  c.a.b.BpmsystemApplication -Starting BpmsystemApplication v0.0.1-SNAPSHOT on MS-20171116OFAF with PID 12788 (E:\BPMSystem\target\bpmsystem-0.0.1-SNAPSHOT.jar started by Administrator in E:\BPMSystem\target)
2018-11-14 16:05:53.465 [main] INFO  c.a.b.BpmsystemApplication -No active profile set, falling back to default profiles: default
2018-11-14 16:05:58.024 [main] INFO  c.z.h.HikariDataSource -HikariPool-1 - Starting...
2018-11-14 16:05:58.275 [main] INFO  c.z.h.HikariDataSource -HikariPool-1 - Start completed.
2018-11-14 16:06:04.443 [main] INFO  c.a.b.BpmsystemApplication -Started BpmsystemApplication in 11.577 seconds (JVM running for 12.28)
2018-11-14 16:20:01.501 [Thread-11] INFO  c.z.h.HikariDataSource -HikariPool-1 - Shutdown initiated...
2018-11-14 16:20:01.534 [Thread-11] INFO  c.z.h.HikariDataSource -HikariPool-1 - Shutdown completed.
2018-11-14 16:20:09.066 [restartedMain] INFO  c.a.b.BpmsystemApplication -Starting BpmsystemApplication on MS-20171116OFAF with PID 13172 (E:\OASystem\Source\BPMSystem\target\classes started by Administrator in E:\OASystem\Source\BPMSystem)
2018-11-14 16:20:09.069 [restartedMain] INFO  c.a.b.BpmsystemApplication -No active profile set, falling back to default profiles: default
2018-11-14 16:20:12.265 [restartedMain] INFO  c.z.h.HikariDataSource -HikariPool-1 - Starting...
2018-11-14 16:20:12.501 [restartedMain] INFO  c.z.h.HikariDataSource -HikariPool-1 - Start completed.
2018-11-14 16:20:16.677 [restartedMain] INFO  c.a.b.BpmsystemApplication -Started BpmsystemApplication in 8.259 seconds (JVM running for 9.206)
2018-11-14 16:20:36.980 [restartedMain] INFO  c.a.b.BpmsystemApplication -Starting BpmsystemApplication on MS-20171116OFAF with PID 3048 (E:\OASystem\Source\BPMSystem\target\classes started by Administrator in E:\OASystem\Source\BPMSystem)
2018-11-14 16:20:36.981 [restartedMain] INFO  c.a.b.BpmsystemApplication -No active profile set, falling back to default profiles: default
2018-11-14 16:20:40.187 [restartedMain] INFO  c.z.h.HikariDataSource -HikariPool-1 - Starting...
2018-11-14 16:20:40.408 [restartedMain] INFO  c.z.h.HikariDataSource -HikariPool-1 - Start completed.
2018-11-14 16:20:44.477 [restartedMain] INFO  c.a.b.BpmsystemApplication -Started BpmsystemApplication in 8.058 seconds (JVM running for 8.864)
2018-11-14 16:22:15.745 [restartedMain] INFO  c.a.b.BpmsystemApplication -Starting BpmsystemApplication on MS-20171116OFAF with PID 12888 (E:\OASystem\Source\BPMSystem\target\classes started by Administrator in E:\OASystem\Source\BPMSystem)
2018-11-14 16:22:15.746 [restartedMain] DEBUG c.a.b.BpmsystemApplication -Running with Spring Boot v2.0.3.RELEASE, Spring v5.0.7.RELEASE
2018-11-14 16:22:15.748 [restartedMain] INFO  c.a.b.BpmsystemApplication -No active profile set, falling back to default profiles: default
2018-11-14 16:22:18.908 [restartedMain] DEBUG c.z.hikari.HikariConfig -Driver class com.mysql.jdbc.Driver found in Thread context class loader org.springframework.boot.devtools.restart.classloader.RestartClassLoader@5149b2ad
2018-11-14 16:22:19.004 [restartedMain] DEBUG c.z.hikari.HikariConfig -HikariPool-1 - configuration:
2018-11-14 16:22:19.006 [restartedMain] DEBUG c.z.hikari.HikariConfig -allowPoolSuspension.............false
2018-11-14 16:22:19.006 [restartedMain] DEBUG c.z.hikari.HikariConfig -autoCommit......................true
2018-11-14 16:22:19.006 [restartedMain] DEBUG c.z.hikari.HikariConfig -catalog.........................none
2018-11-14 16:22:19.006 [restartedMain] DEBUG c.z.hikari.HikariConfig -connectionInitSql...............none
2018-11-14 16:22:19.006 [restartedMain] DEBUG c.z.hikari.HikariConfig -connectionTestQuery.............none
2018-11-14 16:22:19.006 [restartedMain] DEBUG c.z.hikari.HikariConfig -connectionTimeout...............30000
2018-11-14 16:22:19.006 [restartedMain] DEBUG c.z.hikari.HikariConfig -dataSource......................none
2018-11-14 16:22:19.006 [restartedMain] DEBUG c.z.hikari.HikariConfig -dataSourceClassName.............none
2018-11-14 16:22:19.006 [restartedMain] DEBUG c.z.hikari.HikariConfig -dataSourceJNDI..................none
2018-11-14 16:22:19.007 [restartedMain] DEBUG c.z.hikari.HikariConfig -dataSourceProperties............{password=<masked>}
2018-11-14 16:22:19.007 [restartedMain] DEBUG c.z.hikari.HikariConfig -driverClassName................."com.mysql.jdbc.Driver"
2018-11-14 16:22:19.007 [restartedMain] DEBUG c.z.hikari.HikariConfig -healthCheckProperties...........{}
2018-11-14 16:22:19.007 [restartedMain] DEBUG c.z.hikari.HikariConfig -healthCheckRegistry.............none
2018-11-14 16:22:19.007 [restartedMain] DEBUG c.z.hikari.HikariConfig -idleTimeout.....................600000
2018-11-14 16:22:19.007 [restartedMain] DEBUG c.z.hikari.HikariConfig -initializationFailFast..........true
2018-11-14 16:22:19.007 [restartedMain] DEBUG c.z.hikari.HikariConfig -initializationFailTimeout.......1
2018-11-14 16:22:19.007 [restartedMain] DEBUG c.z.hikari.HikariConfig -isolateInternalQueries..........false
2018-11-14 16:22:19.007 [restartedMain] DEBUG c.z.hikari.HikariConfig -jdbc4ConnectionTest.............false
2018-11-14 16:22:19.008 [restartedMain] DEBUG c.z.hikari.HikariConfig -jdbcUrl.........................jdbc:mysql://localhost:3306/bpmsystem?useUnicode=true&characterEncoding=utf8&useSSL=false
2018-11-14 16:22:19.008 [restartedMain] DEBUG c.z.hikari.HikariConfig -leakDetectionThreshold..........0
2018-11-14 16:22:19.008 [restartedMain] DEBUG c.z.hikari.HikariConfig -maxLifetime.....................1800000
2018-11-14 16:22:19.008 [restartedMain] DEBUG c.z.hikari.HikariConfig -maximumPoolSize.................10
2018-11-14 16:22:19.008 [restartedMain] DEBUG c.z.hikari.HikariConfig -metricRegistry..................none
2018-11-14 16:22:19.008 [restartedMain] DEBUG c.z.hikari.HikariConfig -metricsTrackerFactory...........none
2018-11-14 16:22:19.008 [restartedMain] DEBUG c.z.hikari.HikariConfig -minimumIdle.....................10
2018-11-14 16:22:19.008 [restartedMain] DEBUG c.z.hikari.HikariConfig -password........................<masked>
2018-11-14 16:22:19.008 [restartedMain] DEBUG c.z.hikari.HikariConfig -poolName........................"HikariPool-1"
2018-11-14 16:22:19.008 [restartedMain] DEBUG c.z.hikari.HikariConfig -readOnly........................false
2018-11-14 16:22:19.008 [restartedMain] DEBUG c.z.hikari.HikariConfig -registerMbeans..................false
2018-11-14 16:22:19.008 [restartedMain] DEBUG c.z.hikari.HikariConfig -scheduledExecutor...............none
2018-11-14 16:22:19.008 [restartedMain] DEBUG c.z.hikari.HikariConfig -scheduledExecutorService........internal
2018-11-14 16:22:19.008 [restartedMain] DEBUG c.z.hikari.HikariConfig -schema..........................none
2018-11-14 16:22:19.008 [restartedMain] DEBUG c.z.hikari.HikariConfig -threadFactory...................internal
2018-11-14 16:22:19.008 [restartedMain] DEBUG c.z.hikari.HikariConfig -transactionIsolation............default
2018-11-14 16:22:19.009 [restartedMain] DEBUG c.z.hikari.HikariConfig -username........................"root"
2018-11-14 16:22:19.009 [restartedMain] DEBUG c.z.hikari.HikariConfig -validationTimeout...............5000
2018-11-14 16:22:19.009 [restartedMain] INFO  c.z.h.HikariDataSource -HikariPool-1 - Starting...
2018-11-14 16:22:19.271 [restartedMain] DEBUG c.z.h.pool.HikariPool -HikariPool-1 - Added connection com.mysql.jdbc.JDBC4Connection@4b2801f7
2018-11-14 16:22:19.272 [restartedMain] INFO  c.z.h.HikariDataSource -HikariPool-1 - Start completed.
2018-11-14 16:22:19.374 [HikariPool-1 housekeeper] DEBUG c.z.h.pool.HikariPool -HikariPool-1 - Pool stats (total=1, active=0, idle=1, waiting=0)
2018-11-14 16:22:19.382 [HikariPool-1 connection adder] DEBUG c.z.h.pool.HikariPool -HikariPool-1 - Added connection com.mysql.jdbc.JDBC4Connection@1ada94e3
2018-11-14 16:22:19.390 [HikariPool-1 connection adder] DEBUG c.z.h.pool.HikariPool -HikariPool-1 - Added connection com.mysql.jdbc.JDBC4Connection@6e4d710f
2018-11-14 16:22:19.399 [HikariPool-1 connection adder] DEBUG c.z.h.pool.HikariPool -HikariPool-1 - Added connection com.mysql.jdbc.JDBC4Connection@6fbd4cc4
2018-11-14 16:22:19.404 [HikariPool-1 connection adder] DEBUG c.z.h.pool.HikariPool -HikariPool-1 - Added connection com.mysql.jdbc.JDBC4Connection@3d2edec2
2018-11-14 16:22:19.410 [HikariPool-1 connection adder] DEBUG c.z.h.pool.HikariPool -HikariPool-1 - Added connection com.mysql.jdbc.JDBC4Connection@21fe4e12
2018-11-14 16:22:19.416 [HikariPool-1 connection adder] DEBUG c.z.h.pool.HikariPool -HikariPool-1 - Added connection com.mysql.jdbc.JDBC4Connection@7c956da0
2018-11-14 16:22:19.421 [HikariPool-1 connection adder] DEBUG c.z.h.pool.HikariPool -HikariPool-1 - Added connection com.mysql.jdbc.JDBC4Connection@2be5d492
2018-11-14 16:22:19.425 [HikariPool-1 connection adder] DEBUG c.z.h.pool.HikariPool -HikariPool-1 - Added connection com.mysql.jdbc.JDBC4Connection@6775cf61
2018-11-14 16:22:19.431 [HikariPool-1 connection adder] DEBUG c.z.h.pool.HikariPool -HikariPool-1 - Added connection com.mysql.jdbc.JDBC4Connection@74554864
2018-11-14 16:22:19.431 [HikariPool-1 connection adder] DEBUG c.z.h.pool.HikariPool -HikariPool-1 - After adding stats (total=10, active=0, idle=10, waiting=0)
2018-11-14 16:22:24.195 [restartedMain] INFO  c.a.b.BpmsystemApplication -Started BpmsystemApplication in 9.175 seconds (JVM running for 9.94)
2018-11-14 16:22:49.377 [HikariPool-1 housekeeper] DEBUG c.z.h.pool.HikariPool -HikariPool-1 - Pool stats (total=10, active=0, idle=10, waiting=0)
2018-11-14 16:22:54.208 [http-nio-8087-exec-2] DEBUG c.a.b.S.i.MailServiceImpl -邮箱发送链接
2018-11-14 16:22:54.213 [http-nio-8087-exec-2] DEBUG com.sun.mail.smtp -useEhlo true, useAuth true
2018-11-14 16:22:54.213 [http-nio-8087-exec-2] DEBUG com.sun.mail.smtp -trying to connect to host "smtp.qq.com", port 25, isSSL false
2018-11-14 16:22:54.352 [http-nio-8087-exec-2] DEBUG com.sun.mail.smtp -connected to host "smtp.qq.com", port: 25
2018-11-14 16:22:54.397 [http-nio-8087-exec-2] DEBUG com.sun.mail.smtp -Found extension "PIPELINING", arg ""
2018-11-14 16:22:54.398 [http-nio-8087-exec-2] DEBUG com.sun.mail.smtp -Found extension "SIZE", arg "73400320"
2018-11-14 16:22:54.398 [http-nio-8087-exec-2] DEBUG com.sun.mail.smtp -Found extension "STARTTLS", arg ""
2018-11-14 16:22:54.399 [http-nio-8087-exec-2] DEBUG com.sun.mail.smtp -Found extension "AUTH", arg "LOGIN PLAIN"
2018-11-14 16:22:54.400 [http-nio-8087-exec-2] DEBUG com.sun.mail.smtp -Found extension "AUTH=LOGIN", arg ""
2018-11-14 16:22:54.400 [http-nio-8087-exec-2] DEBUG com.sun.mail.smtp -Found extension "MAILCOMPRESS", arg ""
2018-11-14 16:22:54.400 [http-nio-8087-exec-2] DEBUG com.sun.mail.smtp -Found extension "8BITMIME", arg ""
2018-11-14 16:22:54.821 [http-nio-8087-exec-2] DEBUG com.sun.mail.smtp -Found extension "PIPELINING", arg ""
2018-11-14 16:22:54.822 [http-nio-8087-exec-2] DEBUG com.sun.mail.smtp -Found extension "SIZE", arg "73400320"
2018-11-14 16:22:54.823 [http-nio-8087-exec-2] DEBUG com.sun.mail.smtp -Found extension "AUTH", arg "LOGIN PLAIN"
2018-11-14 16:22:54.824 [http-nio-8087-exec-2] DEBUG com.sun.mail.smtp -Found extension "AUTH=LOGIN", arg ""
2018-11-14 16:22:54.825 [http-nio-8087-exec-2] DEBUG com.sun.mail.smtp -Found extension "MAILCOMPRESS", arg ""
2018-11-14 16:22:54.826 [http-nio-8087-exec-2] DEBUG com.sun.mail.smtp -Found extension "8BITMIME", arg ""
2018-11-14 16:22:54.827 [http-nio-8087-exec-2] DEBUG com.sun.mail.smtp -protocolConnect login, host=smtp.qq.com, user=atwmanage@qq.com, password=<non-null>
2018-11-14 16:22:54.827 [http-nio-8087-exec-2] DEBUG com.sun.mail.smtp -Attempt to authenticate using mechanisms: LOGIN PLAIN DIGEST-MD5 NTLM XOAUTH2 
2018-11-14 16:22:54.828 [http-nio-8087-exec-2] DEBUG com.sun.mail.smtp -Using mechanism LOGIN
2018-11-14 16:22:55.117 [http-nio-8087-exec-2] DEBUG com.sun.mail.smtp -use8bit false
2018-11-14 16:22:55.226 [http-nio-8087-exec-2] DEBUG com.sun.mail.smtp -Verified Addresses
2018-11-14 16:22:55.228 [http-nio-8087-exec-2] DEBUG com.sun.mail.smtp -  516333085@qq.com
2018-11-14 16:22:56.606 [http-nio-8087-exec-2] DEBUG com.sun.mail.smtp -message successfully delivered to mail server
2018-11-14 16:23:19.379 [HikariPool-1 housekeeper] DEBUG c.z.h.pool.HikariPool -HikariPool-1 - Pool stats (total=10, active=0, idle=10, waiting=0)
2018-11-14 16:23:48.216 [restartedMain] INFO  c.a.b.BpmsystemApplication -Starting BpmsystemApplication on MS-20171116OFAF with PID 13680 (E:\OASystem\Source\BPMSystem\target\classes started by Administrator in E:\OASystem\Source\BPMSystem)
2018-11-14 16:23:48.217 [restartedMain] DEBUG c.a.b.BpmsystemApplication -Running with Spring Boot v2.0.3.RELEASE, Spring v5.0.7.RELEASE
2018-11-14 16:23:48.218 [restartedMain] INFO  c.a.b.BpmsystemApplication -No active profile set, falling back to default profiles: default
2018-11-14 16:23:51.181 [restartedMain] DEBUG c.z.hikari.HikariConfig -Driver class com.mysql.jdbc.Driver found in Thread context class loader org.springframework.boot.devtools.restart.classloader.RestartClassLoader@56d98a28
2018-11-14 16:23:51.258 [restartedMain] DEBUG c.z.hikari.HikariConfig -HikariPool-1 - configuration:
2018-11-14 16:23:51.260 [restartedMain] DEBUG c.z.hikari.HikariConfig -allowPoolSuspension.............false
2018-11-14 16:23:51.260 [restartedMain] DEBUG c.z.hikari.HikariConfig -autoCommit......................true
2018-11-14 16:23:51.260 [restartedMain] DEBUG c.z.hikari.HikariConfig -catalog.........................none
2018-11-14 16:23:51.260 [restartedMain] DEBUG c.z.hikari.HikariConfig -connectionInitSql...............none
2018-11-14 16:23:51.260 [restartedMain] DEBUG c.z.hikari.HikariConfig -connectionTestQuery.............none
2018-11-14 16:23:51.260 [restartedMain] DEBUG c.z.hikari.HikariConfig -connectionTimeout...............30000
2018-11-14 16:23:51.261 [restartedMain] DEBUG c.z.hikari.HikariConfig -dataSource......................none
2018-11-14 16:23:51.261 [restartedMain] DEBUG c.z.hikari.HikariConfig -dataSourceClassName.............none
2018-11-14 16:23:51.261 [restartedMain] DEBUG c.z.hikari.HikariConfig -dataSourceJNDI..................none
2018-11-14 16:23:51.262 [restartedMain] DEBUG c.z.hikari.HikariConfig -dataSourceProperties............{password=<masked>}
2018-11-14 16:23:51.262 [restartedMain] DEBUG c.z.hikari.HikariConfig -driverClassName................."com.mysql.jdbc.Driver"
2018-11-14 16:23:51.262 [restartedMain] DEBUG c.z.hikari.HikariConfig -healthCheckProperties...........{}
2018-11-14 16:23:51.262 [restartedMain] DEBUG c.z.hikari.HikariConfig -healthCheckRegistry.............none
2018-11-14 16:23:51.262 [restartedMain] DEBUG c.z.hikari.HikariConfig -idleTimeout.....................600000
2018-11-14 16:23:51.262 [restartedMain] DEBUG c.z.hikari.HikariConfig -initializationFailFast..........true
2018-11-14 16:23:51.262 [restartedMain] DEBUG c.z.hikari.HikariConfig -initializationFailTimeout.......1
2018-11-14 16:23:51.262 [restartedMain] DEBUG c.z.hikari.HikariConfig -isolateInternalQueries..........false
2018-11-14 16:23:51.262 [restartedMain] DEBUG c.z.hikari.HikariConfig -jdbc4ConnectionTest.............false
2018-11-14 16:23:51.262 [restartedMain] DEBUG c.z.hikari.HikariConfig -jdbcUrl.........................jdbc:mysql://localhost:3306/bpmsystem?useUnicode=true&characterEncoding=utf8&useSSL=false
2018-11-14 16:23:51.262 [restartedMain] DEBUG c.z.hikari.HikariConfig -leakDetectionThreshold..........0
2018-11-14 16:23:51.262 [restartedMain] DEBUG c.z.hikari.HikariConfig -maxLifetime.....................1800000
2018-11-14 16:23:51.263 [restartedMain] DEBUG c.z.hikari.HikariConfig -maximumPoolSize.................10
2018-11-14 16:23:51.263 [restartedMain] DEBUG c.z.hikari.HikariConfig -metricRegistry..................none
2018-11-14 16:23:51.263 [restartedMain] DEBUG c.z.hikari.HikariConfig -metricsTrackerFactory...........none
2018-11-14 16:23:51.263 [restartedMain] DEBUG c.z.hikari.HikariConfig -minimumIdle.....................10
2018-11-14 16:23:51.263 [restartedMain] DEBUG c.z.hikari.HikariConfig -password........................<masked>
2018-11-14 16:23:51.263 [restartedMain] DEBUG c.z.hikari.HikariConfig -poolName........................"HikariPool-1"
2018-11-14 16:23:51.263 [restartedMain] DEBUG c.z.hikari.HikariConfig -readOnly........................false
2018-11-14 16:23:51.263 [restartedMain] DEBUG c.z.hikari.HikariConfig -registerMbeans..................false
2018-11-14 16:23:51.263 [restartedMain] DEBUG c.z.hikari.HikariConfig -scheduledExecutor...............none
2018-11-14 16:23:51.263 [restartedMain] DEBUG c.z.hikari.HikariConfig -scheduledExecutorService........internal
2018-11-14 16:23:51.263 [restartedMain] DEBUG c.z.hikari.HikariConfig -schema..........................none
2018-11-14 16:23:51.264 [restartedMain] DEBUG c.z.hikari.HikariConfig -threadFactory...................internal
2018-11-14 16:23:51.264 [restartedMain] DEBUG c.z.hikari.HikariConfig -transactionIsolation............default
2018-11-14 16:23:51.264 [restartedMain] DEBUG c.z.hikari.HikariConfig -username........................"root"
2018-11-14 16:23:51.264 [restartedMain] DEBUG c.z.hikari.HikariConfig -validationTimeout...............5000
2018-11-14 16:23:51.264 [restartedMain] INFO  c.z.h.HikariDataSource -HikariPool-1 - Starting...
2018-11-14 16:23:51.496 [restartedMain] DEBUG c.z.h.pool.HikariPool -HikariPool-1 - Added connection com.mysql.jdbc.JDBC4Connection@1c16b765
2018-11-14 16:23:51.497 [restartedMain] INFO  c.z.h.HikariDataSource -HikariPool-1 - Start completed.
2018-11-14 16:23:51.598 [HikariPool-1 housekeeper] DEBUG c.z.h.pool.HikariPool -HikariPool-1 - Pool stats (total=1, active=0, idle=1, waiting=0)
2018-11-14 16:23:51.604 [HikariPool-1 connection adder] DEBUG c.z.h.pool.HikariPool -HikariPool-1 - Added connection com.mysql.jdbc.JDBC4Connection@281e95c8
2018-11-14 16:23:51.608 [HikariPool-1 connection adder] DEBUG c.z.h.pool.HikariPool -HikariPool-1 - Added connection com.mysql.jdbc.JDBC4Connection@5cbb80b9
2018-11-14 16:23:51.614 [HikariPool-1 connection adder] DEBUG c.z.h.pool.HikariPool -HikariPool-1 - Added connection com.mysql.jdbc.JDBC4Connection@24ca82cd
2018-11-14 16:23:51.619 [HikariPool-1 connection adder] DEBUG c.z.h.pool.HikariPool -HikariPool-1 - Added connection com.mysql.jdbc.JDBC4Connection@e8b8887
2018-11-14 16:23:51.625 [HikariPool-1 connection adder] DEBUG c.z.h.pool.HikariPool -HikariPool-1 - Added connection com.mysql.jdbc.JDBC4Connection@1e1a6420
2018-11-14 16:23:51.629 [HikariPool-1 connection adder] DEBUG c.z.h.pool.HikariPool -HikariPool-1 - Added connection com.mysql.jdbc.JDBC4Connection@78411846
2018-11-14 16:23:51.634 [HikariPool-1 connection adder] DEBUG c.z.h.pool.HikariPool -HikariPool-1 - Added connection com.mysql.jdbc.JDBC4Connection@7d75a746
2018-11-14 16:23:51.640 [HikariPool-1 connection adder] DEBUG c.z.h.pool.HikariPool -HikariPool-1 - Added connection com.mysql.jdbc.JDBC4Connection@1b327145
2018-11-14 16:23:51.645 [HikariPool-1 connection adder] DEBUG c.z.h.pool.HikariPool -HikariPool-1 - Added connection com.mysql.jdbc.JDBC4Connection@5b784964
2018-11-14 16:23:51.645 [HikariPool-1 connection adder] DEBUG c.z.h.pool.HikariPool -HikariPool-1 - After adding stats (total=10, active=0, idle=10, waiting=0)
2018-11-14 16:23:55.462 [restartedMain] INFO  c.a.b.BpmsystemApplication -Started BpmsystemApplication in 7.986 seconds (JVM running for 9.137)
2018-11-14 16:24:14.510 [http-nio-8087-exec-8] DEBUG c.a.b.S.i.MailServiceImpl -邮箱发送链接
2018-11-14 16:24:14.518 [http-nio-8087-exec-8] DEBUG com.sun.mail.smtp -useEhlo true, useAuth true
2018-11-14 16:24:14.521 [http-nio-8087-exec-8] DEBUG com.sun.mail.smtp -trying to connect to host "smtp.qq.com", port 25, isSSL false
2018-11-14 16:24:14.601 [http-nio-8087-exec-8] DEBUG com.sun.mail.smtp -connected to host "smtp.qq.com", port: 25
2018-11-14 16:24:14.638 [http-nio-8087-exec-8] DEBUG com.sun.mail.smtp -Found extension "PIPELINING", arg ""
2018-11-14 16:24:14.639 [http-nio-8087-exec-8] DEBUG com.sun.mail.smtp -Found extension "SIZE", arg "73400320"
2018-11-14 16:24:14.640 [http-nio-8087-exec-8] DEBUG com.sun.mail.smtp -Found extension "STARTTLS", arg ""
2018-11-14 16:24:14.640 [http-nio-8087-exec-8] DEBUG com.sun.mail.smtp -Found extension "AUTH", arg "LOGIN PLAIN"
2018-11-14 16:24:14.640 [http-nio-8087-exec-8] DEBUG com.sun.mail.smtp -Found extension "AUTH=LOGIN", arg ""
2018-11-14 16:24:14.641 [http-nio-8087-exec-8] DEBUG com.sun.mail.smtp -Found extension "MAILCOMPRESS", arg ""
2018-11-14 16:24:14.641 [http-nio-8087-exec-8] DEBUG com.sun.mail.smtp -Found extension "8BITMIME", arg ""
2018-11-14 16:24:15.024 [http-nio-8087-exec-8] DEBUG com.sun.mail.smtp -Found extension "PIPELINING", arg ""
2018-11-14 16:24:15.025 [http-nio-8087-exec-8] DEBUG com.sun.mail.smtp -Found extension "SIZE", arg "73400320"
2018-11-14 16:24:15.026 [http-nio-8087-exec-8] DEBUG com.sun.mail.smtp -Found extension "AUTH", arg "LOGIN PLAIN"
2018-11-14 16:24:15.026 [http-nio-8087-exec-8] DEBUG com.sun.mail.smtp -Found extension "AUTH=LOGIN", arg ""
2018-11-14 16:24:15.026 [http-nio-8087-exec-8] DEBUG com.sun.mail.smtp -Found extension "MAILCOMPRESS", arg ""
2018-11-14 16:24:15.027 [http-nio-8087-exec-8] DEBUG com.sun.mail.smtp -Found extension "8BITMIME", arg ""
2018-11-14 16:24:15.027 [http-nio-8087-exec-8] DEBUG com.sun.mail.smtp -protocolConnect login, host=smtp.qq.com, user=atwmanage@qq.com, password=<non-null>
2018-11-14 16:24:15.028 [http-nio-8087-exec-8] DEBUG com.sun.mail.smtp -Attempt to authenticate using mechanisms: LOGIN PLAIN DIGEST-MD5 NTLM XOAUTH2 
2018-11-14 16:24:15.029 [http-nio-8087-exec-8] DEBUG com.sun.mail.smtp -Using mechanism LOGIN
2018-11-14 16:24:15.306 [http-nio-8087-exec-8] DEBUG com.sun.mail.smtp -use8bit false
2018-11-14 16:24:15.406 [http-nio-8087-exec-8] DEBUG com.sun.mail.smtp -Verified Addresses
2018-11-14 16:24:15.407 [http-nio-8087-exec-8] DEBUG com.sun.mail.smtp -  516333085@qq.com
2018-11-14 16:24:16.909 [http-nio-8087-exec-8] DEBUG com.sun.mail.smtp -message successfully delivered to mail server
2018-11-14 16:24:21.601 [HikariPool-1 housekeeper] DEBUG c.z.h.pool.HikariPool -HikariPool-1 - Pool stats (total=10, active=0, idle=10, waiting=0)
2018-11-14 16:24:51.603 [HikariPool-1 housekeeper] DEBUG c.z.h.pool.HikariPool -HikariPool-1 - Pool stats (total=10, active=0, idle=10, waiting=0)
2018-11-14 16:25:21.606 [HikariPool-1 housekeeper] DEBUG c.z.h.pool.HikariPool -HikariPool-1 - Pool stats (total=10, active=0, idle=10, waiting=0)
2018-11-14 16:25:51.608 [HikariPool-1 housekeeper] DEBUG c.z.h.pool.HikariPool -HikariPool-1 - Pool stats (total=10, active=0, idle=10, waiting=0)
2018-11-14 16:26:21.611 [HikariPool-1 housekeeper] DEBUG c.z.h.pool.HikariPool -HikariPool-1 - Pool stats (total=10, active=0, idle=10, waiting=0)
2018-11-14 16:26:25.489 [restartedMain] INFO  c.a.b.BpmsystemApplication -Starting BpmsystemApplication on MS-20171116OFAF with PID 10512 (E:\OASystem\Source\BPMSystem\target\classes started by Administrator in E:\OASystem\Source\BPMSystem)
2018-11-14 16:26:25.490 [restartedMain] DEBUG c.a.b.BpmsystemApplication -Running with Spring Boot v2.0.3.RELEASE, Spring v5.0.7.RELEASE
2018-11-14 16:26:25.493 [restartedMain] INFO  c.a.b.BpmsystemApplication -No active profile set, falling back to default profiles: default
2018-11-14 16:26:28.814 [restartedMain] DEBUG c.z.hikari.HikariConfig -Driver class com.mysql.jdbc.Driver found in Thread context class loader org.springframework.boot.devtools.restart.classloader.RestartClassLoader@56d98a28
2018-11-14 16:26:28.902 [restartedMain] DEBUG c.z.hikari.HikariConfig -HikariPool-1 - configuration:
2018-11-14 16:26:28.904 [restartedMain] DEBUG c.z.hikari.HikariConfig -allowPoolSuspension.............false
2018-11-14 16:26:28.905 [restartedMain] DEBUG c.z.hikari.HikariConfig -autoCommit......................true
2018-11-14 16:26:28.905 [restartedMain] DEBUG c.z.hikari.HikariConfig -catalog.........................none
2018-11-14 16:26:28.905 [restartedMain] DEBUG c.z.hikari.HikariConfig -connectionInitSql...............none
2018-11-14 16:26:28.905 [restartedMain] DEBUG c.z.hikari.HikariConfig -connectionTestQuery.............none
2018-11-14 16:26:28.905 [restartedMain] DEBUG c.z.hikari.HikariConfig -connectionTimeout...............30000
2018-11-14 16:26:28.905 [restartedMain] DEBUG c.z.hikari.HikariConfig -dataSource......................none
2018-11-14 16:26:28.905 [restartedMain] DEBUG c.z.hikari.HikariConfig -dataSourceClassName.............none
2018-11-14 16:26:28.906 [restartedMain] DEBUG c.z.hikari.HikariConfig -dataSourceJNDI..................none
2018-11-14 16:26:28.906 [restartedMain] DEBUG c.z.hikari.HikariConfig -dataSourceProperties............{password=<masked>}
2018-11-14 16:26:28.906 [restartedMain] DEBUG c.z.hikari.HikariConfig -driverClassName................."com.mysql.jdbc.Driver"
2018-11-14 16:26:28.906 [restartedMain] DEBUG c.z.hikari.HikariConfig -healthCheckProperties...........{}
2018-11-14 16:26:28.906 [restartedMain] DEBUG c.z.hikari.HikariConfig -healthCheckRegistry.............none
2018-11-14 16:26:28.907 [restartedMain] DEBUG c.z.hikari.HikariConfig -idleTimeout.....................600000
2018-11-14 16:26:28.907 [restartedMain] DEBUG c.z.hikari.HikariConfig -initializationFailFast..........true
2018-11-14 16:26:28.907 [restartedMain] DEBUG c.z.hikari.HikariConfig -initializationFailTimeout.......1
2018-11-14 16:26:28.907 [restartedMain] DEBUG c.z.hikari.HikariConfig -isolateInternalQueries..........false
2018-11-14 16:26:28.907 [restartedMain] DEBUG c.z.hikari.HikariConfig -jdbc4ConnectionTest.............false
2018-11-14 16:26:28.908 [restartedMain] DEBUG c.z.hikari.HikariConfig -jdbcUrl.........................jdbc:mysql://localhost:3306/bpmsystem?useUnicode=true&characterEncoding=utf8&useSSL=false
2018-11-14 16:26:28.908 [restartedMain] DEBUG c.z.hikari.HikariConfig -leakDetectionThreshold..........0
2018-11-14 16:26:28.908 [restartedMain] DEBUG c.z.hikari.HikariConfig -maxLifetime.....................1800000
2018-11-14 16:26:28.909 [restartedMain] DEBUG c.z.hikari.HikariConfig -maximumPoolSize.................10
2018-11-14 16:26:28.909 [restartedMain] DEBUG c.z.hikari.HikariConfig -metricRegistry..................none
2018-11-14 16:26:28.909 [restartedMain] DEBUG c.z.hikari.HikariConfig -metricsTrackerFactory...........none
2018-11-14 16:26:28.909 [restartedMain] DEBUG c.z.hikari.HikariConfig -minimumIdle.....................10
2018-11-14 16:26:28.909 [restartedMain] DEBUG c.z.hikari.HikariConfig -password........................<masked>
2018-11-14 16:26:28.909 [restartedMain] DEBUG c.z.hikari.HikariConfig -poolName........................"HikariPool-1"
2018-11-14 16:26:28.909 [restartedMain] DEBUG c.z.hikari.HikariConfig -readOnly........................false
2018-11-14 16:26:28.909 [restartedMain] DEBUG c.z.hikari.HikariConfig -registerMbeans..................false
2018-11-14 16:26:28.909 [restartedMain] DEBUG c.z.hikari.HikariConfig -scheduledExecutor...............none
2018-11-14 16:26:28.909 [restartedMain] DEBUG c.z.hikari.HikariConfig -scheduledExecutorService........internal
2018-11-14 16:26:28.909 [restartedMain] DEBUG c.z.hikari.HikariConfig -schema..........................none
2018-11-14 16:26:28.910 [restartedMain] DEBUG c.z.hikari.HikariConfig -threadFactory...................internal
2018-11-14 16:26:28.910 [restartedMain] DEBUG c.z.hikari.HikariConfig -transactionIsolation............default
2018-11-14 16:26:28.910 [restartedMain] DEBUG c.z.hikari.HikariConfig -username........................"root"
2018-11-14 16:26:28.910 [restartedMain] DEBUG c.z.hikari.HikariConfig -validationTimeout...............5000
2018-11-14 16:26:28.910 [restartedMain] INFO  c.z.h.HikariDataSource -HikariPool-1 - Starting...
2018-11-14 16:26:29.180 [restartedMain] DEBUG c.z.h.pool.HikariPool -HikariPool-1 - Added connection com.mysql.jdbc.JDBC4Connection@140777ea
2018-11-14 16:26:29.182 [restartedMain] INFO  c.z.h.HikariDataSource -HikariPool-1 - Start completed.
2018-11-14 16:26:29.283 [HikariPool-1 housekeeper] DEBUG c.z.h.pool.HikariPool -HikariPool-1 - Pool stats (total=1, active=0, idle=1, waiting=0)
2018-11-14 16:26:29.295 [HikariPool-1 connection adder] DEBUG c.z.h.pool.HikariPool -HikariPool-1 - Added connection com.mysql.jdbc.JDBC4Connection@2a316f14
2018-11-14 16:26:29.304 [HikariPool-1 connection adder] DEBUG c.z.h.pool.HikariPool -HikariPool-1 - Added connection com.mysql.jdbc.JDBC4Connection@5e16cffd
2018-11-14 16:26:29.314 [HikariPool-1 connection adder] DEBUG c.z.h.pool.HikariPool -HikariPool-1 - Added connection com.mysql.jdbc.JDBC4Connection@691efe54
2018-11-14 16:26:29.322 [HikariPool-1 connection adder] DEBUG c.z.h.pool.HikariPool -HikariPool-1 - Added connection com.mysql.jdbc.JDBC4Connection@773433db
2018-11-14 16:26:29.345 [HikariPool-1 connection adder] DEBUG c.z.h.pool.HikariPool -HikariPool-1 - Added connection com.mysql.jdbc.JDBC4Connection@468040c3
2018-11-14 16:26:29.354 [HikariPool-1 connection adder] DEBUG c.z.h.pool.HikariPool -HikariPool-1 - Added connection com.mysql.jdbc.JDBC4Connection@55b6053e
2018-11-14 16:26:29.366 [HikariPool-1 connection adder] DEBUG c.z.h.pool.HikariPool -HikariPool-1 - Added connection com.mysql.jdbc.JDBC4Connection@3d75eebc
2018-11-14 16:26:29.374 [HikariPool-1 connection adder] DEBUG c.z.h.pool.HikariPool -HikariPool-1 - Added connection com.mysql.jdbc.JDBC4Connection@448d1c5d
2018-11-14 16:26:29.384 [HikariPool-1 connection adder] DEBUG c.z.h.pool.HikariPool -HikariPool-1 - Added connection com.mysql.jdbc.JDBC4Connection@24b4f312
2018-11-14 16:26:29.384 [HikariPool-1 connection adder] DEBUG c.z.h.pool.HikariPool -HikariPool-1 - After adding stats (total=10, active=0, idle=10, waiting=0)
2018-11-14 16:26:33.404 [restartedMain] INFO  c.a.b.BpmsystemApplication -Started BpmsystemApplication in 8.562 seconds (JVM running for 10.003)
2018-11-14 16:26:59.286 [HikariPool-1 housekeeper] DEBUG c.z.h.pool.HikariPool -HikariPool-1 - Pool stats (total=10, active=0, idle=10, waiting=0)
2018-11-14 16:27:12.950 [restartedMain] INFO  c.a.b.BpmsystemApplication -Starting BpmsystemApplication on MS-20171116OFAF with PID 13628 (E:\OASystem\Source\BPMSystem\target\classes started by Administrator in E:\OASystem\Source\BPMSystem)
2018-11-14 16:27:12.951 [restartedMain] DEBUG c.a.b.BpmsystemApplication -Running with Spring Boot v2.0.3.RELEASE, Spring v5.0.7.RELEASE
2018-11-14 16:27:12.953 [restartedMain] INFO  c.a.b.BpmsystemApplication -No active profile set, falling back to default profiles: default
2018-11-14 16:27:15.797 [restartedMain] DEBUG c.z.hikari.HikariConfig -Driver class com.mysql.jdbc.Driver found in Thread context class loader org.springframework.boot.devtools.restart.classloader.RestartClassLoader@13f5ad3c
2018-11-14 16:27:15.883 [restartedMain] DEBUG c.z.hikari.HikariConfig -HikariPool-1 - configuration:
2018-11-14 16:27:15.884 [restartedMain] DEBUG c.z.hikari.HikariConfig -allowPoolSuspension.............false
2018-11-14 16:27:15.884 [restartedMain] DEBUG c.z.hikari.HikariConfig -autoCommit......................true
2018-11-14 16:27:15.884 [restartedMain] DEBUG c.z.hikari.HikariConfig -catalog.........................none
2018-11-14 16:27:15.885 [restartedMain] DEBUG c.z.hikari.HikariConfig -connectionInitSql...............none
2018-11-14 16:27:15.885 [restartedMain] DEBUG c.z.hikari.HikariConfig -connectionTestQuery.............none
2018-11-14 16:27:15.885 [restartedMain] DEBUG c.z.hikari.HikariConfig -connectionTimeout...............30000
2018-11-14 16:27:15.885 [restartedMain] DEBUG c.z.hikari.HikariConfig -dataSource......................none
2018-11-14 16:27:15.885 [restartedMain] DEBUG c.z.hikari.HikariConfig -dataSourceClassName.............none
2018-11-14 16:27:15.885 [restartedMain] DEBUG c.z.hikari.HikariConfig -dataSourceJNDI..................none
2018-11-14 16:27:15.885 [restartedMain] DEBUG c.z.hikari.HikariConfig -dataSourceProperties............{password=<masked>}
2018-11-14 16:27:15.885 [restartedMain] DEBUG c.z.hikari.HikariConfig -driverClassName................."com.mysql.jdbc.Driver"
2018-11-14 16:27:15.886 [restartedMain] DEBUG c.z.hikari.HikariConfig -healthCheckProperties...........{}
2018-11-14 16:27:15.886 [restartedMain] DEBUG c.z.hikari.HikariConfig -healthCheckRegistry.............none
2018-11-14 16:27:15.886 [restartedMain] DEBUG c.z.hikari.HikariConfig -idleTimeout.....................600000
2018-11-14 16:27:15.886 [restartedMain] DEBUG c.z.hikari.HikariConfig -initializationFailFast..........true
2018-11-14 16:27:15.886 [restartedMain] DEBUG c.z.hikari.HikariConfig -initializationFailTimeout.......1
2018-11-14 16:27:15.886 [restartedMain] DEBUG c.z.hikari.HikariConfig -isolateInternalQueries..........false
2018-11-14 16:27:15.886 [restartedMain] DEBUG c.z.hikari.HikariConfig -jdbc4ConnectionTest.............false
2018-11-14 16:27:15.886 [restartedMain] DEBUG c.z.hikari.HikariConfig -jdbcUrl.........................jdbc:mysql://localhost:3306/bpmsystem?useUnicode=true&characterEncoding=utf8&useSSL=false
2018-11-14 16:27:15.886 [restartedMain] DEBUG c.z.hikari.HikariConfig -leakDetectionThreshold..........0
2018-11-14 16:27:15.886 [restartedMain] DEBUG c.z.hikari.HikariConfig -maxLifetime.....................1800000
2018-11-14 16:27:15.886 [restartedMain] DEBUG c.z.hikari.HikariConfig -maximumPoolSize.................10
2018-11-14 16:27:15.887 [restartedMain] DEBUG c.z.hikari.HikariConfig -metricRegistry..................none
2018-11-14 16:27:15.887 [restartedMain] DEBUG c.z.hikari.HikariConfig -metricsTrackerFactory...........none
2018-11-14 16:27:15.887 [restartedMain] DEBUG c.z.hikari.HikariConfig -minimumIdle.....................10
2018-11-14 16:27:15.887 [restartedMain] DEBUG c.z.hikari.HikariConfig -password........................<masked>
2018-11-14 16:27:15.887 [restartedMain] DEBUG c.z.hikari.HikariConfig -poolName........................"HikariPool-1"
2018-11-14 16:27:15.887 [restartedMain] DEBUG c.z.hikari.HikariConfig -readOnly........................false
2018-11-14 16:27:15.887 [restartedMain] DEBUG c.z.hikari.HikariConfig -registerMbeans..................false
2018-11-14 16:27:15.888 [restartedMain] DEBUG c.z.hikari.HikariConfig -scheduledExecutor...............none
2018-11-14 16:27:15.888 [restartedMain] DEBUG c.z.hikari.HikariConfig -scheduledExecutorService........internal
2018-11-14 16:27:15.888 [restartedMain] DEBUG c.z.hikari.HikariConfig -schema..........................none
2018-11-14 16:27:15.888 [restartedMain] DEBUG c.z.hikari.HikariConfig -threadFactory...................internal
2018-11-14 16:27:15.888 [restartedMain] DEBUG c.z.hikari.HikariConfig -transactionIsolation............default
2018-11-14 16:27:15.888 [restartedMain] DEBUG c.z.hikari.HikariConfig -username........................"root"
2018-11-14 16:27:15.888 [restartedMain] DEBUG c.z.hikari.HikariConfig -validationTimeout...............5000
2018-11-14 16:27:15.888 [restartedMain] INFO  c.z.h.HikariDataSource -HikariPool-1 - Starting...
2018-11-14 16:27:16.111 [restartedMain] DEBUG c.z.h.pool.HikariPool -HikariPool-1 - Added connection com.mysql.jdbc.JDBC4Connection@463a93cf
2018-11-14 16:27:16.113 [restartedMain] INFO  c.z.h.HikariDataSource -HikariPool-1 - Start completed.
2018-11-14 16:27:16.213 [HikariPool-1 housekeeper] DEBUG c.z.h.pool.HikariPool -HikariPool-1 - Pool stats (total=1, active=0, idle=1, waiting=0)
2018-11-14 16:27:16.224 [HikariPool-1 connection adder] DEBUG c.z.h.pool.HikariPool -HikariPool-1 - Added connection com.mysql.jdbc.JDBC4Connection@6921e753
2018-11-14 16:27:16.232 [HikariPool-1 connection adder] DEBUG c.z.h.pool.HikariPool -HikariPool-1 - Added connection com.mysql.jdbc.JDBC4Connection@1d450c50
2018-11-14 16:27:16.244 [HikariPool-1 connection adder] DEBUG c.z.h.pool.HikariPool -HikariPool-1 - Added connection com.mysql.jdbc.JDBC4Connection@58e2b4c2
2018-11-14 16:27:16.252 [HikariPool-1 connection adder] DEBUG c.z.h.pool.HikariPool -HikariPool-1 - Added connection com.mysql.jdbc.JDBC4Connection@254a5ddb
2018-11-14 16:27:16.260 [HikariPool-1 connection adder] DEBUG c.z.h.pool.HikariPool -HikariPool-1 - Added connection com.mysql.jdbc.JDBC4Connection@3569ef10
2018-11-14 16:27:16.268 [HikariPool-1 connection adder] DEBUG c.z.h.pool.HikariPool -HikariPool-1 - Added connection com.mysql.jdbc.JDBC4Connection@330ba3aa
2018-11-14 16:27:16.277 [HikariPool-1 connection adder] DEBUG c.z.h.pool.HikariPool -HikariPool-1 - Added connection com.mysql.jdbc.JDBC4Connection@26354369
2018-11-14 16:27:16.286 [HikariPool-1 connection adder] DEBUG c.z.h.pool.HikariPool -HikariPool-1 - Added connection com.mysql.jdbc.JDBC4Connection@5a3493fe
2018-11-14 16:27:16.295 [HikariPool-1 connection adder] DEBUG c.z.h.pool.HikariPool -HikariPool-1 - Added connection com.mysql.jdbc.JDBC4Connection@56014e23
2018-11-14 16:27:16.296 [HikariPool-1 connection adder] DEBUG c.z.h.pool.HikariPool -HikariPool-1 - After adding stats (total=10, active=0, idle=10, waiting=0)
2018-11-14 16:27:20.264 [restartedMain] INFO  c.a.b.BpmsystemApplication -Started BpmsystemApplication in 8.147 seconds (JVM running for 8.888)
2018-11-14 16:27:33.896 [http-nio-8087-exec-8] DEBUG com.sun.mail.smtp -useEhlo true, useAuth true
2018-11-14 16:27:33.896 [http-nio-8087-exec-8] DEBUG com.sun.mail.smtp -trying to connect to host "smtp.qq.com", port 25, isSSL false
2018-11-14 16:27:33.991 [http-nio-8087-exec-8] DEBUG com.sun.mail.smtp -connected to host "smtp.qq.com", port: 25
2018-11-14 16:27:34.032 [http-nio-8087-exec-8] DEBUG com.sun.mail.smtp -Found extension "PIPELINING", arg ""
2018-11-14 16:27:34.033 [http-nio-8087-exec-8] DEBUG com.sun.mail.smtp -Found extension "SIZE", arg "73400320"
2018-11-14 16:27:34.033 [http-nio-8087-exec-8] DEBUG com.sun.mail.smtp -Found extension "STARTTLS", arg ""
2018-11-14 16:27:34.034 [http-nio-8087-exec-8] DEBUG com.sun.mail.smtp -Found extension "AUTH", arg "LOGIN PLAIN"
2018-11-14 16:27:34.034 [http-nio-8087-exec-8] DEBUG com.sun.mail.smtp -Found extension "AUTH=LOGIN", arg ""
2018-11-14 16:27:34.035 [http-nio-8087-exec-8] DEBUG com.sun.mail.smtp -Found extension "MAILCOMPRESS", arg ""
2018-11-14 16:27:34.035 [http-nio-8087-exec-8] DEBUG com.sun.mail.smtp -Found extension "8BITMIME", arg ""
2018-11-14 16:27:34.462 [http-nio-8087-exec-8] DEBUG com.sun.mail.smtp -Found extension "PIPELINING", arg ""
2018-11-14 16:27:34.462 [http-nio-8087-exec-8] DEBUG com.sun.mail.smtp -Found extension "SIZE", arg "73400320"
2018-11-14 16:27:34.462 [http-nio-8087-exec-8] DEBUG com.sun.mail.smtp -Found extension "AUTH", arg "LOGIN PLAIN"
2018-11-14 16:27:34.463 [http-nio-8087-exec-8] DEBUG com.sun.mail.smtp -Found extension "AUTH=LOGIN", arg ""
2018-11-14 16:27:34.463 [http-nio-8087-exec-8] DEBUG com.sun.mail.smtp -Found extension "MAILCOMPRESS", arg ""
2018-11-14 16:27:34.463 [http-nio-8087-exec-8] DEBUG com.sun.mail.smtp -Found extension "8BITMIME", arg ""
2018-11-14 16:27:34.464 [http-nio-8087-exec-8] DEBUG com.sun.mail.smtp -protocolConnect login, host=smtp.qq.com, user=atwmanage@qq.com, password=<non-null>
2018-11-14 16:27:34.464 [http-nio-8087-exec-8] DEBUG com.sun.mail.smtp -Attempt to authenticate using mechanisms: LOGIN PLAIN DIGEST-MD5 NTLM XOAUTH2 
2018-11-14 16:27:34.465 [http-nio-8087-exec-8] DEBUG com.sun.mail.smtp -Using mechanism LOGIN
2018-11-14 16:27:34.772 [http-nio-8087-exec-8] DEBUG com.sun.mail.smtp -use8bit false
2018-11-14 16:27:34.869 [http-nio-8087-exec-8] DEBUG com.sun.mail.smtp -Verified Addresses
2018-11-14 16:27:34.871 [http-nio-8087-exec-8] DEBUG com.sun.mail.smtp -  516333085@qq.com
2018-11-14 16:27:36.077 [http-nio-8087-exec-8] DEBUG com.sun.mail.smtp -message successfully delivered to mail server
2018-11-14 16:27:46.216 [HikariPool-1 housekeeper] DEBUG c.z.h.pool.HikariPool -HikariPool-1 - Pool stats (total=10, active=0, idle=10, waiting=0)
2018-11-14 16:28:16.218 [HikariPool-1 housekeeper] DEBUG c.z.h.pool.HikariPool -HikariPool-1 - Pool stats (total=10, active=0, idle=10, waiting=0)
2018-11-14 16:28:46.221 [HikariPool-1 housekeeper] DEBUG c.z.h.pool.HikariPool -HikariPool-1 - Pool stats (total=10, active=0, idle=10, waiting=0)
2018-11-14 16:29:06.336 [restartedMain] INFO  c.a.b.BpmsystemApplication -Starting BpmsystemApplication on MS-20171116OFAF with PID 13816 (E:\OASystem\Source\BPMSystem\target\classes started by Administrator in E:\OASystem\Source\BPMSystem)
2018-11-14 16:29:06.337 [restartedMain] DEBUG c.a.b.BpmsystemApplication -Running with Spring Boot v2.0.3.RELEASE, Spring v5.0.7.RELEASE
2018-11-14 16:29:06.339 [restartedMain] INFO  c.a.b.BpmsystemApplication -No active profile set, falling back to default profiles: default
2018-11-14 16:29:09.691 [restartedMain] DEBUG c.z.hikari.HikariConfig -Driver class com.mysql.jdbc.Driver found in Thread context class loader org.springframework.boot.devtools.restart.classloader.RestartClassLoader@2a04bacb
2018-11-14 16:29:09.762 [restartedMain] DEBUG c.z.hikari.HikariConfig -HikariPool-1 - configuration:
2018-11-14 16:29:09.763 [restartedMain] DEBUG c.z.hikari.HikariConfig -allowPoolSuspension.............false
2018-11-14 16:29:09.763 [restartedMain] DEBUG c.z.hikari.HikariConfig -autoCommit......................true
2018-11-14 16:29:09.763 [restartedMain] DEBUG c.z.hikari.HikariConfig -catalog.........................none
2018-11-14 16:29:09.763 [restartedMain] DEBUG c.z.hikari.HikariConfig -connectionInitSql...............none
2018-11-14 16:29:09.763 [restartedMain] DEBUG c.z.hikari.HikariConfig -connectionTestQuery.............none
2018-11-14 16:29:09.763 [restartedMain] DEBUG c.z.hikari.HikariConfig -connectionTimeout...............30000
2018-11-14 16:29:09.764 [restartedMain] DEBUG c.z.hikari.HikariConfig -dataSource......................none
2018-11-14 16:29:09.764 [restartedMain] DEBUG c.z.hikari.HikariConfig -dataSourceClassName.............none
2018-11-14 16:29:09.764 [restartedMain] DEBUG c.z.hikari.HikariConfig -dataSourceJNDI..................none
2018-11-14 16:29:09.764 [restartedMain] DEBUG c.z.hikari.HikariConfig -dataSourceProperties............{password=<masked>}
2018-11-14 16:29:09.764 [restartedMain] DEBUG c.z.hikari.HikariConfig -driverClassName................."com.mysql.jdbc.Driver"
2018-11-14 16:29:09.764 [restartedMain] DEBUG c.z.hikari.HikariConfig -healthCheckProperties...........{}
2018-11-14 16:29:09.764 [restartedMain] DEBUG c.z.hikari.HikariConfig -healthCheckRegistry.............none
2018-11-14 16:29:09.764 [restartedMain] DEBUG c.z.hikari.HikariConfig -idleTimeout.....................600000
2018-11-14 16:29:09.764 [restartedMain] DEBUG c.z.hikari.HikariConfig -initializationFailFast..........true
2018-11-14 16:29:09.764 [restartedMain] DEBUG c.z.hikari.HikariConfig -initializationFailTimeout.......1
2018-11-14 16:29:09.765 [restartedMain] DEBUG c.z.hikari.HikariConfig -isolateInternalQueries..........false
2018-11-14 16:29:09.765 [restartedMain] DEBUG c.z.hikari.HikariConfig -jdbc4ConnectionTest.............false
2018-11-14 16:29:09.765 [restartedMain] DEBUG c.z.hikari.HikariConfig -jdbcUrl.........................jdbc:mysql://localhost:3306/bpmsystem?useUnicode=true&characterEncoding=utf8&useSSL=false
2018-11-14 16:29:09.765 [restartedMain] DEBUG c.z.hikari.HikariConfig -leakDetectionThreshold..........0
2018-11-14 16:29:09.765 [restartedMain] DEBUG c.z.hikari.HikariConfig -maxLifetime.....................1800000
2018-11-14 16:29:09.765 [restartedMain] DEBUG c.z.hikari.HikariConfig -maximumPoolSize.................10
2018-11-14 16:29:09.765 [restartedMain] DEBUG c.z.hikari.HikariConfig -metricRegistry..................none
2018-11-14 16:29:09.765 [restartedMain] DEBUG c.z.hikari.HikariConfig -metricsTrackerFactory...........none
2018-11-14 16:29:09.765 [restartedMain] DEBUG c.z.hikari.HikariConfig -minimumIdle.....................10
2018-11-14 16:29:09.765 [restartedMain] DEBUG c.z.hikari.HikariConfig -password........................<masked>
2018-11-14 16:29:09.765 [restartedMain] DEBUG c.z.hikari.HikariConfig -poolName........................"HikariPool-1"
2018-11-14 16:29:09.765 [restartedMain] DEBUG c.z.hikari.HikariConfig -readOnly........................false
2018-11-14 16:29:09.765 [restartedMain] DEBUG c.z.hikari.HikariConfig -registerMbeans..................false
2018-11-14 16:29:09.766 [restartedMain] DEBUG c.z.hikari.HikariConfig -scheduledExecutor...............none
2018-11-14 16:29:09.766 [restartedMain] DEBUG c.z.hikari.HikariConfig -scheduledExecutorService........internal
2018-11-14 16:29:09.766 [restartedMain] DEBUG c.z.hikari.HikariConfig -schema..........................none
2018-11-14 16:29:09.766 [restartedMain] DEBUG c.z.hikari.HikariConfig -threadFactory...................internal
2018-11-14 16:29:09.766 [restartedMain] DEBUG c.z.hikari.HikariConfig -transactionIsolation............default
2018-11-14 16:29:09.766 [restartedMain] DEBUG c.z.hikari.HikariConfig -username........................"root"
2018-11-14 16:29:09.766 [restartedMain] DEBUG c.z.hikari.HikariConfig -validationTimeout...............5000
2018-11-14 16:29:09.766 [restartedMain] INFO  c.z.h.HikariDataSource -HikariPool-1 - Starting...
2018-11-14 16:29:10.013 [restartedMain] DEBUG c.z.h.pool.HikariPool -HikariPool-1 - Added connection com.mysql.jdbc.JDBC4Connection@29acce13
2018-11-14 16:29:10.014 [restartedMain] INFO  c.z.h.HikariDataSource -HikariPool-1 - Start completed.
2018-11-14 16:29:10.115 [HikariPool-1 housekeeper] DEBUG c.z.h.pool.HikariPool -HikariPool-1 - Pool stats (total=1, active=0, idle=1, waiting=0)
2018-11-14 16:29:10.121 [HikariPool-1 connection adder] DEBUG c.z.h.pool.HikariPool -HikariPool-1 - Added connection com.mysql.jdbc.JDBC4Connection@385acba7
2018-11-14 16:29:10.127 [HikariPool-1 connection adder] DEBUG c.z.h.pool.HikariPool -HikariPool-1 - Added connection com.mysql.jdbc.JDBC4Connection@4cef88c4
2018-11-14 16:29:10.133 [HikariPool-1 connection adder] DEBUG c.z.h.pool.HikariPool -HikariPool-1 - Added connection com.mysql.jdbc.JDBC4Connection@28bd6b7c
2018-11-14 16:29:10.139 [HikariPool-1 connection adder] DEBUG c.z.h.pool.HikariPool -HikariPool-1 - Added connection com.mysql.jdbc.JDBC4Connection@226e62a3
2018-11-14 16:29:10.145 [HikariPool-1 connection adder] DEBUG c.z.h.pool.HikariPool -HikariPool-1 - Added connection com.mysql.jdbc.JDBC4Connection@1dc575ca
2018-11-14 16:29:10.152 [HikariPool-1 connection adder] DEBUG c.z.h.pool.HikariPool -HikariPool-1 - Added connection com.mysql.jdbc.JDBC4Connection@70176c11
2018-11-14 16:29:10.158 [HikariPool-1 connection adder] DEBUG c.z.h.pool.HikariPool -HikariPool-1 - Added connection com.mysql.jdbc.JDBC4Connection@667dad6b
2018-11-14 16:29:10.162 [HikariPool-1 connection adder] DEBUG c.z.h.pool.HikariPool -HikariPool-1 - Added connection com.mysql.jdbc.JDBC4Connection@5a16f134
2018-11-14 16:29:10.167 [HikariPool-1 connection adder] DEBUG c.z.h.pool.HikariPool -HikariPool-1 - Added connection com.mysql.jdbc.JDBC4Connection@336afe3c
2018-11-14 16:29:10.168 [HikariPool-1 connection adder] DEBUG c.z.h.pool.HikariPool -HikariPool-1 - After adding stats (total=10, active=0, idle=10, waiting=0)
2018-11-14 16:29:14.135 [restartedMain] INFO  c.a.b.BpmsystemApplication -Started BpmsystemApplication in 8.393 seconds (JVM running for 9.323)
2018-11-14 16:30:55.939 [http-nio-8087-exec-8] ERROR c.a.b.S.i.MailServiceImpl -邮箱发送链接192.168.2.195:8088
2018-11-14 16:32:27.211 [http-nio-8087-exec-4] ERROR c.a.b.S.i.MailServiceImpl -邮箱发送链接192.168.2.195:8088
2018-11-14 16:33:52.906 [http-nio-8087-exec-5] ERROR c.a.b.S.i.MailServiceImpl -邮箱发送链接192.168.2.195:8088
2018-11-14 16:43:40.195 [main] INFO  c.a.b.BpmsystemApplication -Starting BpmsystemApplication v0.0.1-SNAPSHOT on MS-20171116OFAF with PID 2352 (E:\BPMSystem\target\bpmsystem-0.0.1-SNAPSHOT.jar started by Administrator in E:\BPMSystem\target)
2018-11-14 16:43:40.202 [main] INFO  c.a.b.BpmsystemApplication -No active profile set, falling back to default profiles: default
2018-11-14 16:43:44.888 [main] INFO  c.z.h.HikariDataSource -HikariPool-1 - Starting...
2018-11-14 16:43:45.114 [main] INFO  c.z.h.HikariDataSource -HikariPool-1 - Start completed.
2018-11-14 16:43:51.673 [main] INFO  c.a.b.BpmsystemApplication -Started BpmsystemApplication in 12.046 seconds (JVM running for 12.551)
2018-11-14 17:31:02.429 [Thread-11] INFO  c.z.h.HikariDataSource -HikariPool-1 - Shutdown initiated...
2018-11-14 17:31:02.445 [Thread-11] INFO  c.z.h.HikariDataSource -HikariPool-1 - Shutdown completed.
